C:\PROJECTS\GAMES_NEW\SGAME\DEBUG\AUXFUNCS.OBJ
C:\PROJECTS\GAMES_NEW\SGAME\DEBUG\CSTRING.OBJ
C:\PROJECTS\GAMES_NEW\SGAME\DEBUG\GUIMANAGER.OBJ
C:\PROJECTS\GAMES_NEW\SGAME\DEBUG\LOGGER.OBJ
C:\PROJECTS\GAMES_NEW\SGAME\DEBUG\MATRIX.OBJ
C:\PROJECTS\GAMES_NEW\SGAME\DEBUG\VECTOR.OBJ
C:\PROJECTS\GAMES_NEW\SGAME\DEBUG\RENDERER.OBJ
C:\PROJECTS\GAMES_NEW\SGAME\DEBUG\SGAME.OBJ
C:\PROJECTS\GAMES_NEW\SGAME\DEBUG\TEXTUREDWIDGET.OBJ
C:\PROJECTS\GAMES_NEW\SGAME\DEBUG\WINDOW.OBJ
C:\PROJECTS\GAMES_NEW\SGAME\DEBUG\GLOBALWINDOW.OBJ
C:\PROJECTS\GAMES_NEW\SGAME\DEBUG\BUTTON.OBJ
C:\PROJECTS\GAMES_NEW\SGAME\DEBUG\TEXT.OBJ
C:\PROJECTS\GAMES_NEW\SGAME\DEBUG\SHIP.OBJ
C:\PROJECTS\GAMES_NEW\SGAME\DEBUG\SHIPVIEW.OBJ
C:\PROJECTS\GAMES_NEW\SGAME\DEBUG\SGAME.PCH
C:\PROJECTS\GAMES_NEW\SGAME\DEBUG\STDAFX.OBJ
C:\PROJECTS\GAMES_NEW\SGAME\DEBUG\VC110.PDB
C:\PROJECTS\GAMES_NEW\SGAME\DEBUG\BUILDTOOLS.OBJ
C:\PROJECTS\GAMES_NEW\SGAME\DEBUG\SGAME.ILK
C:\PROJECTS\GAMES_NEW\SGAME\DEBUG\SGAME.EXE
C:\PROJECTS\GAMES_NEW\SGAME\DEBUG\SGAME.PDB
C:\projects\Games_new\SGame\Debug\auxFuncs.obj
C:\projects\Games_new\SGame\Debug\BuildTools.obj
C:\projects\Games_new\SGame\Debug\Button.obj
C:\projects\Games_new\SGame\Debug\CString.obj
C:\projects\Games_new\SGame\Debug\GlobalWindow.obj
C:\projects\Games_new\SGame\Debug\GUIManager.obj
C:\projects\Games_new\SGame\Debug\Logger.obj
C:\projects\Games_new\SGame\Debug\Matrix.obj
C:\projects\Games_new\SGame\Debug\Renderer.obj
C:\projects\Games_new\SGame\Debug\SGame.obj
C:\projects\Games_new\SGame\Debug\Ship.obj
C:\projects\Games_new\SGame\Debug\ShipView.obj
C:\projects\Games_new\SGame\Debug\StdAfx.obj
C:\projects\Games_new\SGame\Debug\Text.obj
C:\projects\Games_new\SGame\Debug\TexturedWidget.obj
C:\projects\Games_new\SGame\Debug\Vector.obj
C:\projects\Games_new\SGame\Debug\Window.obj
C:\projects\Games_new\SGame\Debug\SGame.ilk
C:\projects\Games_new\SGame\Debug\CL.1100.read.1.tlog
C:\projects\Games_new\SGame\Debug\CL.1100.write.1.tlog
C:\projects\Games_new\SGame\Debug\CL.1120.read.1.tlog
C:\projects\Games_new\SGame\Debug\CL.1120.write.1.tlog
C:\projects\Games_new\SGame\Debug\CL.1124.read.1.tlog
C:\projects\Games_new\SGame\Debug\CL.1124.write.1.tlog
C:\projects\Games_new\SGame\Debug\CL.1136.read.1.tlog
C:\projects\Games_new\SGame\Debug\CL.1136.write.1.tlog
C:\projects\Games_new\SGame\Debug\CL.1228.read.1.tlog
C:\projects\Games_new\SGame\Debug\CL.1228.write.1.tlog
C:\projects\Games_new\SGame\Debug\CL.1244.read.1.tlog
C:\projects\Games_new\SGame\Debug\CL.1244.write.1.tlog
C:\projects\Games_new\SGame\Debug\CL.1292.read.1.tlog
C:\projects\Games_new\SGame\Debug\CL.1292.write.1.tlog
C:\projects\Games_new\SGame\Debug\CL.1308.read.1.tlog
C:\projects\Games_new\SGame\Debug\CL.1308.write.1.tlog
C:\projects\Games_new\SGame\Debug\CL.1312.read.1.tlog
C:\projects\Games_new\SGame\Debug\CL.1312.write.1.tlog
C:\projects\Games_new\SGame\Debug\CL.1320.read.1.tlog
C:\projects\Games_new\SGame\Debug\CL.1320.write.1.tlog
C:\projects\Games_new\SGame\Debug\CL.1328.read.1.tlog
C:\projects\Games_new\SGame\Debug\CL.1328.write.1.tlog
C:\projects\Games_new\SGame\Debug\CL.1336.read.1.tlog
C:\projects\Games_new\SGame\Debug\CL.1336.write.1.tlog
C:\projects\Games_new\SGame\Debug\CL.1396.read.1.tlog
C:\projects\Games_new\SGame\Debug\CL.1396.write.1.tlog
C:\projects\Games_new\SGame\Debug\CL.1568.read.1.tlog
C:\projects\Games_new\SGame\Debug\CL.1568.write.1.tlog
C:\projects\Games_new\SGame\Debug\CL.1584.read.1.tlog
C:\projects\Games_new\SGame\Debug\CL.1584.write.1.tlog
C:\projects\Games_new\SGame\Debug\CL.1620.read.1.tlog
C:\projects\Games_new\SGame\Debug\CL.1620.write.1.tlog
C:\projects\Games_new\SGame\Debug\CL.1656.read.1.tlog
C:\projects\Games_new\SGame\Debug\CL.1656.write.1.tlog
C:\projects\Games_new\SGame\Debug\CL.1708.read.1.tlog
C:\projects\Games_new\SGame\Debug\CL.1708.write.1.tlog
C:\projects\Games_new\SGame\Debug\CL.1796.read.1.tlog
C:\projects\Games_new\SGame\Debug\CL.1796.write.1.tlog
C:\projects\Games_new\SGame\Debug\CL.1840.read.1.tlog
C:\projects\Games_new\SGame\Debug\CL.1840.write.1.tlog
C:\projects\Games_new\SGame\Debug\CL.1876.read.1.tlog
C:\projects\Games_new\SGame\Debug\CL.1876.write.1.tlog
C:\projects\Games_new\SGame\Debug\CL.1880.read.1.tlog
C:\projects\Games_new\SGame\Debug\CL.1880.write.1.tlog
C:\projects\Games_new\SGame\Debug\CL.1884.read.1.tlog
C:\projects\Games_new\SGame\Debug\CL.1884.write.1.tlog
C:\projects\Games_new\SGame\Debug\CL.1892.read.1.tlog
C:\projects\Games_new\SGame\Debug\CL.1892.write.1.tlog
C:\projects\Games_new\SGame\Debug\CL.1896.read.1.tlog
C:\projects\Games_new\SGame\Debug\CL.1896.write.1.tlog
C:\projects\Games_new\SGame\Debug\CL.1900.read.1.tlog
C:\projects\Games_new\SGame\Debug\CL.1900.write.1.tlog
C:\projects\Games_new\SGame\Debug\CL.1904.read.1.tlog
C:\projects\Games_new\SGame\Debug\CL.1904.write.1.tlog
C:\projects\Games_new\SGame\Debug\CL.1932.read.1.tlog
C:\projects\Games_new\SGame\Debug\CL.1932.write.1.tlog
C:\projects\Games_new\SGame\Debug\CL.2056.read.1.tlog
C:\projects\Games_new\SGame\Debug\CL.2056.write.1.tlog
C:\projects\Games_new\SGame\Debug\CL.2072.read.1.tlog
C:\projects\Games_new\SGame\Debug\CL.2072.write.1.tlog
C:\projects\Games_new\SGame\Debug\CL.2076.read.1.tlog
C:\projects\Games_new\SGame\Debug\CL.2076.write.1.tlog
C:\projects\Games_new\SGame\Debug\CL.2140.read.1.tlog
C:\projects\Games_new\SGame\Debug\CL.2140.write.1.tlog
C:\projects\Games_new\SGame\Debug\CL.220.read.1.tlog
C:\projects\Games_new\SGame\Debug\CL.220.write.1.tlog
C:\projects\Games_new\SGame\Debug\CL.2248.read.1.tlog
C:\projects\Games_new\SGame\Debug\CL.2248.write.1.tlog
C:\projects\Games_new\SGame\Debug\CL.2256.read.1.tlog
C:\projects\Games_new\SGame\Debug\CL.2256.write.1.tlog
C:\projects\Games_new\SGame\Debug\CL.2328.read.1.tlog
C:\projects\Games_new\SGame\Debug\CL.2328.write.1.tlog
C:\projects\Games_new\SGame\Debug\CL.2336.read.1.tlog
C:\projects\Games_new\SGame\Debug\CL.2336.write.1.tlog
C:\projects\Games_new\SGame\Debug\CL.2340.read.1.tlog
C:\projects\Games_new\SGame\Debug\CL.2340.write.1.tlog
C:\projects\Games_new\SGame\Debug\CL.2380.read.1.tlog
C:\projects\Games_new\SGame\Debug\CL.2380.write.1.tlog
C:\projects\Games_new\SGame\Debug\CL.2388.read.1.tlog
C:\projects\Games_new\SGame\Debug\CL.2388.write.1.tlog
C:\projects\Games_new\SGame\Debug\CL.2452.read.1.tlog
C:\projects\Games_new\SGame\Debug\CL.2452.write.1.tlog
C:\projects\Games_new\SGame\Debug\CL.2472.read.1.tlog
C:\projects\Games_new\SGame\Debug\CL.2472.write.1.tlog
C:\projects\Games_new\SGame\Debug\CL.2564.read.1.tlog
C:\projects\Games_new\SGame\Debug\CL.2564.write.1.tlog
C:\projects\Games_new\SGame\Debug\CL.2648.read.1.tlog
C:\projects\Games_new\SGame\Debug\CL.2648.write.1.tlog
C:\projects\Games_new\SGame\Debug\CL.2652.read.1.tlog
C:\projects\Games_new\SGame\Debug\CL.2652.write.1.tlog
C:\projects\Games_new\SGame\Debug\CL.2656.read.1.tlog
C:\projects\Games_new\SGame\Debug\CL.2656.write.1.tlog
C:\projects\Games_new\SGame\Debug\CL.2668.read.1.tlog
C:\projects\Games_new\SGame\Debug\CL.2668.write.1.tlog
C:\projects\Games_new\SGame\Debug\CL.2672.read.1.tlog
C:\projects\Games_new\SGame\Debug\CL.2672.write.1.tlog
C:\projects\Games_new\SGame\Debug\CL.2680.read.1.tlog
C:\projects\Games_new\SGame\Debug\CL.2680.write.1.tlog
C:\projects\Games_new\SGame\Debug\CL.3180.read.1.tlog
C:\projects\Games_new\SGame\Debug\CL.3180.write.1.tlog
C:\projects\Games_new\SGame\Debug\CL.3196.read.1.tlog
C:\projects\Games_new\SGame\Debug\CL.3196.write.1.tlog
C:\projects\Games_new\SGame\Debug\CL.3204.read.1.tlog
C:\projects\Games_new\SGame\Debug\CL.3204.write.1.tlog
C:\projects\Games_new\SGame\Debug\CL.3208.read.1.tlog
C:\projects\Games_new\SGame\Debug\CL.3208.write.1.tlog
C:\projects\Games_new\SGame\Debug\CL.3212.read.1.tlog
C:\projects\Games_new\SGame\Debug\CL.3212.write.1.tlog
C:\projects\Games_new\SGame\Debug\CL.3224.read.1.tlog
C:\projects\Games_new\SGame\Debug\CL.3224.write.1.tlog
C:\projects\Games_new\SGame\Debug\CL.3252.read.1.tlog
C:\projects\Games_new\SGame\Debug\CL.3252.write.1.tlog
C:\projects\Games_new\SGame\Debug\CL.3256.read.1.tlog
C:\projects\Games_new\SGame\Debug\CL.3256.write.1.tlog
C:\projects\Games_new\SGame\Debug\CL.3264.read.1.tlog
C:\projects\Games_new\SGame\Debug\CL.3264.write.1.tlog
C:\projects\Games_new\SGame\Debug\CL.3268.read.1.tlog
C:\projects\Games_new\SGame\Debug\CL.3268.write.1.tlog
C:\projects\Games_new\SGame\Debug\CL.3272.read.1.tlog
C:\projects\Games_new\SGame\Debug\CL.3272.write.1.tlog
C:\projects\Games_new\SGame\Debug\CL.3280.read.1.tlog
C:\projects\Games_new\SGame\Debug\CL.3280.write.1.tlog
C:\projects\Games_new\SGame\Debug\CL.3296.read.1.tlog
C:\projects\Games_new\SGame\Debug\CL.3296.write.1.tlog
C:\projects\Games_new\SGame\Debug\CL.3300.read.1.tlog
C:\projects\Games_new\SGame\Debug\CL.3300.write.1.tlog
C:\projects\Games_new\SGame\Debug\CL.3304.read.1.tlog
C:\projects\Games_new\SGame\Debug\CL.3304.write.1.tlog
C:\projects\Games_new\SGame\Debug\CL.3324.read.1.tlog
C:\projects\Games_new\SGame\Debug\CL.3324.write.1.tlog
C:\projects\Games_new\SGame\Debug\CL.3328.read.1.tlog
C:\projects\Games_new\SGame\Debug\CL.3328.write.1.tlog
C:\projects\Games_new\SGame\Debug\CL.3344.read.1.tlog
C:\projects\Games_new\SGame\Debug\CL.3344.write.1.tlog
C:\projects\Games_new\SGame\Debug\CL.3552.read.1.tlog
C:\projects\Games_new\SGame\Debug\CL.3552.write.1.tlog
C:\projects\Games_new\SGame\Debug\CL.3640.read.1.tlog
C:\projects\Games_new\SGame\Debug\CL.3640.write.1.tlog
C:\projects\Games_new\SGame\Debug\CL.3652.read.1.tlog
C:\projects\Games_new\SGame\Debug\CL.3652.write.1.tlog
C:\projects\Games_new\SGame\Debug\CL.3680.read.1.tlog
C:\projects\Games_new\SGame\Debug\CL.3680.write.1.tlog
C:\projects\Games_new\SGame\Debug\CL.3724.read.1.tlog
C:\projects\Games_new\SGame\Debug\CL.3724.write.1.tlog
C:\projects\Games_new\SGame\Debug\CL.3736.read.1.tlog
C:\projects\Games_new\SGame\Debug\CL.3736.write.1.tlog
C:\projects\Games_new\SGame\Debug\CL.3784.read.1.tlog
C:\projects\Games_new\SGame\Debug\CL.3784.write.1.tlog
C:\projects\Games_new\SGame\Debug\CL.3796.read.1.tlog
C:\projects\Games_new\SGame\Debug\CL.3796.write.1.tlog
C:\projects\Games_new\SGame\Debug\CL.3816.read.1.tlog
C:\projects\Games_new\SGame\Debug\CL.3816.write.1.tlog
C:\projects\Games_new\SGame\Debug\CL.3832.read.1.tlog
C:\projects\Games_new\SGame\Debug\CL.3832.write.1.tlog
C:\projects\Games_new\SGame\Debug\CL.3844.read.1.tlog
C:\projects\Games_new\SGame\Debug\CL.3844.write.1.tlog
C:\projects\Games_new\SGame\Debug\CL.3864.read.1.tlog
C:\projects\Games_new\SGame\Debug\CL.3864.write.1.tlog
C:\projects\Games_new\SGame\Debug\CL.3884.read.1.tlog
C:\projects\Games_new\SGame\Debug\CL.3884.write.1.tlog
C:\projects\Games_new\SGame\Debug\CL.4008.read.1.tlog
C:\projects\Games_new\SGame\Debug\CL.4008.write.1.tlog
C:\projects\Games_new\SGame\Debug\CL.4012.read.1.tlog
C:\projects\Games_new\SGame\Debug\CL.4012.write.1.tlog
C:\projects\Games_new\SGame\Debug\CL.4028.read.1.tlog
C:\projects\Games_new\SGame\Debug\CL.4028.write.1.tlog
C:\projects\Games_new\SGame\Debug\CL.4032.read.1.tlog
C:\projects\Games_new\SGame\Debug\CL.4032.write.1.tlog
C:\projects\Games_new\SGame\Debug\CL.4044.read.1.tlog
C:\projects\Games_new\SGame\Debug\CL.4044.write.1.tlog
C:\projects\Games_new\SGame\Debug\CL.4048.read.1.tlog
C:\projects\Games_new\SGame\Debug\CL.4048.write.1.tlog
C:\projects\Games_new\SGame\Debug\CL.4076.read.1.tlog
C:\projects\Games_new\SGame\Debug\CL.4076.write.1.tlog
C:\projects\Games_new\SGame\Debug\CL.4172.read.1.tlog
C:\projects\Games_new\SGame\Debug\CL.4172.write.1.tlog
C:\projects\Games_new\SGame\Debug\CL.4192.read.1.tlog
C:\projects\Games_new\SGame\Debug\CL.4192.write.1.tlog
C:\projects\Games_new\SGame\Debug\CL.4200.read.1.tlog
C:\projects\Games_new\SGame\Debug\CL.4200.write.1.tlog
C:\projects\Games_new\SGame\Debug\CL.4296.read.1.tlog
C:\projects\Games_new\SGame\Debug\CL.4296.write.1.tlog
C:\projects\Games_new\SGame\Debug\CL.4312.read.1.tlog
C:\projects\Games_new\SGame\Debug\CL.4312.write.1.tlog
C:\projects\Games_new\SGame\Debug\CL.4316.read.1.tlog
C:\projects\Games_new\SGame\Debug\CL.4316.write.1.tlog
C:\projects\Games_new\SGame\Debug\CL.4344.read.1.tlog
C:\projects\Games_new\SGame\Debug\CL.4344.write.1.tlog
C:\projects\Games_new\SGame\Debug\CL.4380.read.1.tlog
C:\projects\Games_new\SGame\Debug\CL.4380.write.1.tlog
C:\projects\Games_new\SGame\Debug\CL.4384.read.1.tlog
C:\projects\Games_new\SGame\Debug\CL.4384.write.1.tlog
C:\projects\Games_new\SGame\Debug\CL.4392.read.1.tlog
C:\projects\Games_new\SGame\Debug\CL.4392.write.1.tlog
C:\projects\Games_new\SGame\Debug\CL.4396.read.1.tlog
C:\projects\Games_new\SGame\Debug\CL.4396.write.1.tlog
C:\projects\Games_new\SGame\Debug\CL.4400.read.1.tlog
C:\projects\Games_new\SGame\Debug\CL.4400.write.1.tlog
C:\projects\Games_new\SGame\Debug\CL.4408.read.1.tlog
C:\projects\Games_new\SGame\Debug\CL.4408.write.1.tlog
C:\projects\Games_new\SGame\Debug\CL.4492.read.1.tlog
C:\projects\Games_new\SGame\Debug\CL.4492.write.1.tlog
C:\projects\Games_new\SGame\Debug\CL.4500.read.1.tlog
C:\projects\Games_new\SGame\Debug\CL.4500.write.1.tlog
C:\projects\Games_new\SGame\Debug\CL.4508.read.1.tlog
C:\projects\Games_new\SGame\Debug\CL.4508.write.1.tlog
C:\projects\Games_new\SGame\Debug\CL.4536.read.1.tlog
C:\projects\Games_new\SGame\Debug\CL.4536.write.1.tlog
C:\projects\Games_new\SGame\Debug\CL.4540.read.1.tlog
C:\projects\Games_new\SGame\Debug\CL.4540.write.1.tlog
C:\projects\Games_new\SGame\Debug\CL.4596.read.1.tlog
C:\projects\Games_new\SGame\Debug\CL.4596.write.1.tlog
C:\projects\Games_new\SGame\Debug\CL.4640.read.1.tlog
C:\projects\Games_new\SGame\Debug\CL.4640.write.1.tlog
C:\projects\Games_new\SGame\Debug\CL.4672.read.1.tlog
C:\projects\Games_new\SGame\Debug\CL.4672.write.1.tlog
C:\projects\Games_new\SGame\Debug\CL.4716.read.1.tlog
C:\projects\Games_new\SGame\Debug\CL.4716.write.1.tlog
C:\projects\Games_new\SGame\Debug\CL.4772.read.1.tlog
C:\projects\Games_new\SGame\Debug\CL.4772.write.1.tlog
C:\projects\Games_new\SGame\Debug\CL.4884.read.1.tlog
C:\projects\Games_new\SGame\Debug\CL.4884.write.1.tlog
C:\projects\Games_new\SGame\Debug\CL.4940.read.1.tlog
C:\projects\Games_new\SGame\Debug\CL.4940.write.1.tlog
C:\projects\Games_new\SGame\Debug\CL.4948.read.1.tlog
C:\projects\Games_new\SGame\Debug\CL.4948.write.1.tlog
C:\projects\Games_new\SGame\Debug\CL.5012.read.1.tlog
C:\projects\Games_new\SGame\Debug\CL.5012.write.1.tlog
C:\projects\Games_new\SGame\Debug\CL.5124.read.1.tlog
C:\projects\Games_new\SGame\Debug\CL.5124.write.1.tlog
C:\projects\Games_new\SGame\Debug\CL.5156.read.1.tlog
C:\projects\Games_new\SGame\Debug\CL.5156.write.1.tlog
C:\projects\Games_new\SGame\Debug\CL.5168.read.1.tlog
C:\projects\Games_new\SGame\Debug\CL.5168.write.1.tlog
C:\projects\Games_new\SGame\Debug\CL.5184.read.1.tlog
C:\projects\Games_new\SGame\Debug\CL.5184.write.1.tlog
C:\projects\Games_new\SGame\Debug\CL.5188.read.1.tlog
C:\projects\Games_new\SGame\Debug\CL.5188.write.1.tlog
C:\projects\Games_new\SGame\Debug\CL.5204.read.1.tlog
C:\projects\Games_new\SGame\Debug\CL.5204.write.1.tlog
C:\projects\Games_new\SGame\Debug\CL.5256.read.1.tlog
C:\projects\Games_new\SGame\Debug\CL.5256.write.1.tlog
C:\projects\Games_new\SGame\Debug\CL.5264.read.1.tlog
C:\projects\Games_new\SGame\Debug\CL.5264.write.1.tlog
C:\projects\Games_new\SGame\Debug\CL.5292.read.1.tlog
C:\projects\Games_new\SGame\Debug\CL.5292.write.1.tlog
C:\projects\Games_new\SGame\Debug\CL.5300.read.1.tlog
C:\projects\Games_new\SGame\Debug\CL.5300.write.1.tlog
C:\projects\Games_new\SGame\Debug\CL.5424.read.1.tlog
C:\projects\Games_new\SGame\Debug\CL.5424.write.1.tlog
C:\projects\Games_new\SGame\Debug\CL.5472.read.1.tlog
C:\projects\Games_new\SGame\Debug\CL.5472.write.1.tlog
C:\projects\Games_new\SGame\Debug\CL.5476.read.1.tlog
C:\projects\Games_new\SGame\Debug\CL.5476.write.1.tlog
C:\projects\Games_new\SGame\Debug\CL.5480.read.1.tlog
C:\projects\Games_new\SGame\Debug\CL.5480.write.1.tlog
C:\projects\Games_new\SGame\Debug\CL.5484.read.1.tlog
C:\projects\Games_new\SGame\Debug\CL.5484.write.1.tlog
C:\projects\Games_new\SGame\Debug\CL.5508.read.1.tlog
C:\projects\Games_new\SGame\Debug\CL.5508.write.1.tlog
C:\projects\Games_new\SGame\Debug\CL.5512.read.1.tlog
C:\projects\Games_new\SGame\Debug\CL.5512.write.1.tlog
C:\projects\Games_new\SGame\Debug\CL.5560.read.1.tlog
C:\projects\Games_new\SGame\Debug\CL.5560.write.1.tlog
C:\projects\Games_new\SGame\Debug\CL.5568.read.1.tlog
C:\projects\Games_new\SGame\Debug\CL.5568.write.1.tlog
C:\projects\Games_new\SGame\Debug\CL.5584.read.1.tlog
C:\projects\Games_new\SGame\Debug\CL.5584.write.1.tlog
C:\projects\Games_new\SGame\Debug\CL.5592.read.1.tlog
C:\projects\Games_new\SGame\Debug\CL.5592.write.1.tlog
C:\projects\Games_new\SGame\Debug\CL.5604.read.1.tlog
C:\projects\Games_new\SGame\Debug\CL.5604.write.1.tlog
C:\projects\Games_new\SGame\Debug\CL.5632.read.1.tlog
C:\projects\Games_new\SGame\Debug\CL.5632.write.1.tlog
C:\projects\Games_new\SGame\Debug\CL.5640.read.1.tlog
C:\projects\Games_new\SGame\Debug\CL.5640.write.1.tlog
C:\projects\Games_new\SGame\Debug\CL.5696.read.1.tlog
C:\projects\Games_new\SGame\Debug\CL.5696.write.1.tlog
C:\projects\Games_new\SGame\Debug\CL.5712.read.1.tlog
C:\projects\Games_new\SGame\Debug\CL.5712.write.1.tlog
C:\projects\Games_new\SGame\Debug\CL.5772.read.1.tlog
C:\projects\Games_new\SGame\Debug\CL.5772.write.1.tlog
C:\projects\Games_new\SGame\Debug\CL.5776.read.1.tlog
C:\projects\Games_new\SGame\Debug\CL.5776.write.1.tlog
C:\projects\Games_new\SGame\Debug\CL.5832.read.1.tlog
C:\projects\Games_new\SGame\Debug\CL.5832.write.1.tlog
C:\projects\Games_new\SGame\Debug\CL.5844.read.1.tlog
C:\projects\Games_new\SGame\Debug\CL.5844.write.1.tlog
C:\projects\Games_new\SGame\Debug\CL.5856.read.1.tlog
C:\projects\Games_new\SGame\Debug\CL.5856.write.1.tlog
C:\projects\Games_new\SGame\Debug\CL.5876.read.1.tlog
C:\projects\Games_new\SGame\Debug\CL.5876.write.1.tlog
C:\projects\Games_new\SGame\Debug\CL.5892.read.1.tlog
C:\projects\Games_new\SGame\Debug\CL.5892.write.1.tlog
C:\projects\Games_new\SGame\Debug\CL.5900.read.1.tlog
C:\projects\Games_new\SGame\Debug\CL.5900.write.1.tlog
C:\projects\Games_new\SGame\Debug\CL.5920.read.1.tlog
C:\projects\Games_new\SGame\Debug\CL.5920.write.1.tlog
C:\projects\Games_new\SGame\Debug\CL.5928.read.1.tlog
C:\projects\Games_new\SGame\Debug\CL.5928.write.1.tlog
C:\projects\Games_new\SGame\Debug\CL.5936.read.1.tlog
C:\projects\Games_new\SGame\Debug\CL.5936.write.1.tlog
C:\projects\Games_new\SGame\Debug\CL.5948.read.1.tlog
C:\projects\Games_new\SGame\Debug\CL.5948.write.1.tlog
C:\projects\Games_new\SGame\Debug\CL.5968.read.1.tlog
C:\projects\Games_new\SGame\Debug\CL.5968.write.1.tlog
C:\projects\Games_new\SGame\Debug\CL.5972.read.1.tlog
C:\projects\Games_new\SGame\Debug\CL.5972.write.1.tlog
C:\projects\Games_new\SGame\Debug\CL.5976.read.1.tlog
C:\projects\Games_new\SGame\Debug\CL.5976.write.1.tlog
C:\projects\Games_new\SGame\Debug\CL.5988.read.1.tlog
C:\projects\Games_new\SGame\Debug\CL.5988.write.1.tlog
C:\projects\Games_new\SGame\Debug\CL.5996.read.1.tlog
C:\projects\Games_new\SGame\Debug\CL.5996.write.1.tlog
C:\projects\Games_new\SGame\Debug\CL.6000.read.1.tlog
C:\projects\Games_new\SGame\Debug\CL.6000.write.1.tlog
C:\projects\Games_new\SGame\Debug\CL.6008.read.1.tlog
C:\projects\Games_new\SGame\Debug\CL.6008.write.1.tlog
C:\projects\Games_new\SGame\Debug\CL.6024.read.1.tlog
C:\projects\Games_new\SGame\Debug\CL.6024.write.1.tlog
C:\projects\Games_new\SGame\Debug\CL.6036.read.1.tlog
C:\projects\Games_new\SGame\Debug\CL.6036.write.1.tlog
C:\projects\Games_new\SGame\Debug\CL.6060.read.1.tlog
C:\projects\Games_new\SGame\Debug\CL.6060.write.1.tlog
C:\projects\Games_new\SGame\Debug\CL.6096.read.1.tlog
C:\projects\Games_new\SGame\Debug\CL.6096.write.1.tlog
C:\projects\Games_new\SGame\Debug\CL.6100.read.1.tlog
C:\projects\Games_new\SGame\Debug\CL.6100.write.1.tlog
C:\projects\Games_new\SGame\Debug\CL.6108.read.1.tlog
C:\projects\Games_new\SGame\Debug\CL.6108.write.1.tlog
C:\projects\Games_new\SGame\Debug\CL.6120.read.1.tlog
C:\projects\Games_new\SGame\Debug\CL.6120.write.1.tlog
C:\projects\Games_new\SGame\Debug\CL.6176.read.1.tlog
C:\projects\Games_new\SGame\Debug\CL.6176.write.1.tlog
C:\projects\Games_new\SGame\Debug\CL.6180.read.1.tlog
C:\projects\Games_new\SGame\Debug\CL.6180.write.1.tlog
C:\projects\Games_new\SGame\Debug\CL.6184.read.1.tlog
C:\projects\Games_new\SGame\Debug\CL.6184.write.1.tlog
C:\projects\Games_new\SGame\Debug\CL.6188.read.1.tlog
C:\projects\Games_new\SGame\Debug\CL.6188.write.1.tlog
C:\projects\Games_new\SGame\Debug\CL.6192.read.1.tlog
C:\projects\Games_new\SGame\Debug\CL.6192.write.1.tlog
C:\projects\Games_new\SGame\Debug\CL.6196.read.1.tlog
C:\projects\Games_new\SGame\Debug\CL.6196.write.1.tlog
C:\projects\Games_new\SGame\Debug\CL.6204.read.1.tlog
C:\projects\Games_new\SGame\Debug\CL.6204.write.1.tlog
C:\projects\Games_new\SGame\Debug\CL.6216.read.1.tlog
C:\projects\Games_new\SGame\Debug\CL.6216.write.1.tlog
C:\projects\Games_new\SGame\Debug\CL.6236.read.1.tlog
C:\projects\Games_new\SGame\Debug\CL.6236.write.1.tlog
C:\projects\Games_new\SGame\Debug\CL.6240.read.1.tlog
C:\projects\Games_new\SGame\Debug\CL.6240.write.1.tlog
C:\projects\Games_new\SGame\Debug\CL.6244.read.1.tlog
C:\projects\Games_new\SGame\Debug\CL.6244.write.1.tlog
C:\projects\Games_new\SGame\Debug\CL.6248.read.1.tlog
C:\projects\Games_new\SGame\Debug\CL.6248.write.1.tlog
C:\projects\Games_new\SGame\Debug\CL.6252.read.1.tlog
C:\projects\Games_new\SGame\Debug\CL.6252.write.1.tlog
C:\projects\Games_new\SGame\Debug\CL.6268.read.1.tlog
C:\projects\Games_new\SGame\Debug\CL.6268.write.1.tlog
C:\projects\Games_new\SGame\Debug\CL.6304.read.1.tlog
C:\projects\Games_new\SGame\Debug\CL.6304.write.1.tlog
C:\projects\Games_new\SGame\Debug\CL.6312.read.1.tlog
C:\projects\Games_new\SGame\Debug\CL.6312.write.1.tlog
C:\projects\Games_new\SGame\Debug\CL.6328.read.1.tlog
C:\projects\Games_new\SGame\Debug\CL.6328.write.1.tlog
C:\projects\Games_new\SGame\Debug\CL.6360.read.1.tlog
C:\projects\Games_new\SGame\Debug\CL.6360.write.1.tlog
C:\projects\Games_new\SGame\Debug\CL.6364.read.1.tlog
C:\projects\Games_new\SGame\Debug\CL.6364.write.1.tlog
C:\projects\Games_new\SGame\Debug\CL.6376.read.1.tlog
C:\projects\Games_new\SGame\Debug\CL.6376.write.1.tlog
C:\projects\Games_new\SGame\Debug\CL.6416.read.1.tlog
C:\projects\Games_new\SGame\Debug\CL.6416.write.1.tlog
C:\projects\Games_new\SGame\Debug\CL.6484.read.1.tlog
C:\projects\Games_new\SGame\Debug\CL.6484.write.1.tlog
C:\projects\Games_new\SGame\Debug\CL.6496.read.1.tlog
C:\projects\Games_new\SGame\Debug\CL.6496.write.1.tlog
C:\projects\Games_new\SGame\Debug\CL.6508.read.1.tlog
C:\projects\Games_new\SGame\Debug\CL.6508.write.1.tlog
C:\projects\Games_new\SGame\Debug\CL.6516.read.1.tlog
C:\projects\Games_new\SGame\Debug\CL.6516.write.1.tlog
C:\projects\Games_new\SGame\Debug\CL.6532.read.1.tlog
C:\projects\Games_new\SGame\Debug\CL.6532.write.1.tlog
C:\projects\Games_new\SGame\Debug\CL.6540.read.1.tlog
C:\projects\Games_new\SGame\Debug\CL.6540.write.1.tlog
C:\projects\Games_new\SGame\Debug\CL.6552.read.1.tlog
C:\projects\Games_new\SGame\Debug\CL.6552.write.1.tlog
C:\projects\Games_new\SGame\Debug\CL.6560.read.1.tlog
C:\projects\Games_new\SGame\Debug\CL.6560.write.1.tlog
C:\projects\Games_new\SGame\Debug\CL.6584.read.1.tlog
C:\projects\Games_new\SGame\Debug\CL.6584.write.1.tlog
C:\projects\Games_new\SGame\Debug\CL.6620.read.1.tlog
C:\projects\Games_new\SGame\Debug\CL.6620.write.1.tlog
C:\projects\Games_new\SGame\Debug\CL.6624.read.1.tlog
C:\projects\Games_new\SGame\Debug\CL.6624.write.1.tlog
C:\projects\Games_new\SGame\Debug\CL.6636.read.1.tlog
C:\projects\Games_new\SGame\Debug\CL.6636.write.1.tlog
C:\projects\Games_new\SGame\Debug\CL.6668.read.1.tlog
C:\projects\Games_new\SGame\Debug\CL.6668.write.1.tlog
C:\projects\Games_new\SGame\Debug\CL.668.read.1.tlog
C:\projects\Games_new\SGame\Debug\CL.668.write.1.tlog
C:\projects\Games_new\SGame\Debug\CL.6680.read.1.tlog
C:\projects\Games_new\SGame\Debug\CL.6680.write.1.tlog
C:\projects\Games_new\SGame\Debug\CL.6692.read.1.tlog
C:\projects\Games_new\SGame\Debug\CL.6692.write.1.tlog
C:\projects\Games_new\SGame\Debug\CL.6704.read.1.tlog
C:\projects\Games_new\SGame\Debug\CL.6704.write.1.tlog
C:\projects\Games_new\SGame\Debug\CL.6712.read.1.tlog
C:\projects\Games_new\SGame\Debug\CL.6712.write.1.tlog
C:\projects\Games_new\SGame\Debug\CL.672.read.1.tlog
C:\projects\Games_new\SGame\Debug\CL.672.write.1.tlog
C:\projects\Games_new\SGame\Debug\CL.6728.read.1.tlog
C:\projects\Games_new\SGame\Debug\CL.6728.write.1.tlog
C:\projects\Games_new\SGame\Debug\CL.680.read.1.tlog
C:\projects\Games_new\SGame\Debug\CL.680.write.1.tlog
C:\projects\Games_new\SGame\Debug\CL.6804.read.1.tlog
C:\projects\Games_new\SGame\Debug\CL.6804.write.1.tlog
C:\projects\Games_new\SGame\Debug\CL.6816.read.1.tlog
C:\projects\Games_new\SGame\Debug\CL.6816.write.1.tlog
C:\projects\Games_new\SGame\Debug\CL.6820.read.1.tlog
C:\projects\Games_new\SGame\Debug\CL.6820.write.1.tlog
C:\projects\Games_new\SGame\Debug\CL.6824.read.1.tlog
C:\projects\Games_new\SGame\Debug\CL.6824.write.1.tlog
C:\projects\Games_new\SGame\Debug\CL.6828.read.1.tlog
C:\projects\Games_new\SGame\Debug\CL.6828.write.1.tlog
C:\projects\Games_new\SGame\Debug\CL.6832.read.1.tlog
C:\projects\Games_new\SGame\Debug\CL.6832.write.1.tlog
C:\projects\Games_new\SGame\Debug\CL.6840.read.1.tlog
C:\projects\Games_new\SGame\Debug\CL.6840.write.1.tlog
C:\projects\Games_new\SGame\Debug\CL.6848.read.1.tlog
C:\projects\Games_new\SGame\Debug\CL.6848.write.1.tlog
C:\projects\Games_new\SGame\Debug\CL.6852.read.1.tlog
C:\projects\Games_new\SGame\Debug\CL.6852.write.1.tlog
C:\projects\Games_new\SGame\Debug\CL.6856.read.1.tlog
C:\projects\Games_new\SGame\Debug\CL.6856.write.1.tlog
C:\projects\Games_new\SGame\Debug\CL.6860.read.1.tlog
C:\projects\Games_new\SGame\Debug\CL.6860.write.1.tlog
C:\projects\Games_new\SGame\Debug\CL.6868.read.1.tlog
C:\projects\Games_new\SGame\Debug\CL.6868.write.1.tlog
C:\projects\Games_new\SGame\Debug\CL.6876.read.1.tlog
C:\projects\Games_new\SGame\Debug\CL.6876.write.1.tlog
C:\projects\Games_new\SGame\Debug\CL.6880.read.1.tlog
C:\projects\Games_new\SGame\Debug\CL.6880.write.1.tlog
C:\projects\Games_new\SGame\Debug\CL.6892.read.1.tlog
C:\projects\Games_new\SGame\Debug\CL.6892.write.1.tlog
C:\projects\Games_new\SGame\Debug\CL.6912.read.1.tlog
C:\projects\Games_new\SGame\Debug\CL.6912.write.1.tlog
C:\projects\Games_new\SGame\Debug\CL.6916.read.1.tlog
C:\projects\Games_new\SGame\Debug\CL.6916.write.1.tlog
C:\projects\Games_new\SGame\Debug\CL.6920.read.1.tlog
C:\projects\Games_new\SGame\Debug\CL.6920.write.1.tlog
C:\projects\Games_new\SGame\Debug\CL.6924.read.1.tlog
C:\projects\Games_new\SGame\Debug\CL.6924.write.1.tlog
C:\projects\Games_new\SGame\Debug\CL.6928.read.1.tlog
C:\projects\Games_new\SGame\Debug\CL.6928.write.1.tlog
C:\projects\Games_new\SGame\Debug\CL.6932.read.1.tlog
C:\projects\Games_new\SGame\Debug\CL.6932.write.1.tlog
C:\projects\Games_new\SGame\Debug\CL.6936.read.1.tlog
C:\projects\Games_new\SGame\Debug\CL.6936.write.1.tlog
C:\projects\Games_new\SGame\Debug\CL.6948.read.1.tlog
C:\projects\Games_new\SGame\Debug\CL.6948.write.1.tlog
C:\projects\Games_new\SGame\Debug\CL.6952.read.1.tlog
C:\projects\Games_new\SGame\Debug\CL.6952.write.1.tlog
C:\projects\Games_new\SGame\Debug\CL.6960.read.1.tlog
C:\projects\Games_new\SGame\Debug\CL.6960.write.1.tlog
C:\projects\Games_new\SGame\Debug\CL.6964.read.1.tlog
C:\projects\Games_new\SGame\Debug\CL.6964.write.1.tlog
C:\projects\Games_new\SGame\Debug\CL.6988.read.1.tlog
C:\projects\Games_new\SGame\Debug\CL.6988.write.1.tlog
C:\projects\Games_new\SGame\Debug\CL.6992.read.1.tlog
C:\projects\Games_new\SGame\Debug\CL.6992.write.1.tlog
C:\projects\Games_new\SGame\Debug\CL.6996.read.1.tlog
C:\projects\Games_new\SGame\Debug\CL.6996.write.1.tlog
C:\projects\Games_new\SGame\Debug\CL.7028.read.1.tlog
C:\projects\Games_new\SGame\Debug\CL.7028.write.1.tlog
C:\projects\Games_new\SGame\Debug\CL.7036.read.1.tlog
C:\projects\Games_new\SGame\Debug\CL.7036.write.1.tlog
C:\projects\Games_new\SGame\Debug\CL.7048.read.1.tlog
C:\projects\Games_new\SGame\Debug\CL.7048.write.1.tlog
C:\projects\Games_new\SGame\Debug\CL.7092.read.1.tlog
C:\projects\Games_new\SGame\Debug\CL.7092.write.1.tlog
C:\projects\Games_new\SGame\Debug\CL.7104.read.1.tlog
C:\projects\Games_new\SGame\Debug\CL.7104.write.1.tlog
C:\projects\Games_new\SGame\Debug\CL.7112.read.1.tlog
C:\projects\Games_new\SGame\Debug\CL.7112.write.1.tlog
C:\projects\Games_new\SGame\Debug\CL.7120.read.1.tlog
C:\projects\Games_new\SGame\Debug\CL.7120.write.1.tlog
C:\projects\Games_new\SGame\Debug\CL.7132.read.1.tlog
C:\projects\Games_new\SGame\Debug\CL.7132.write.1.tlog
C:\projects\Games_new\SGame\Debug\CL.7144.read.1.tlog
C:\projects\Games_new\SGame\Debug\CL.7144.write.1.tlog
C:\projects\Games_new\SGame\Debug\CL.7148.read.1.tlog
C:\projects\Games_new\SGame\Debug\CL.7148.write.1.tlog
C:\projects\Games_new\SGame\Debug\CL.7164.read.1.tlog
C:\projects\Games_new\SGame\Debug\CL.7164.write.1.tlog
C:\projects\Games_new\SGame\Debug\CL.7176.read.1.tlog
C:\projects\Games_new\SGame\Debug\CL.7176.write.1.tlog
C:\projects\Games_new\SGame\Debug\CL.7180.read.1.tlog
C:\projects\Games_new\SGame\Debug\CL.7180.write.1.tlog
C:\projects\Games_new\SGame\Debug\CL.7184.read.1.tlog
C:\projects\Games_new\SGame\Debug\CL.7184.write.1.tlog
C:\projects\Games_new\SGame\Debug\CL.7192.read.1.tlog
C:\projects\Games_new\SGame\Debug\CL.7192.write.1.tlog
C:\projects\Games_new\SGame\Debug\CL.7196.read.1.tlog
C:\projects\Games_new\SGame\Debug\CL.7196.write.1.tlog
C:\projects\Games_new\SGame\Debug\CL.7212.read.1.tlog
C:\projects\Games_new\SGame\Debug\CL.7212.write.1.tlog
C:\projects\Games_new\SGame\Debug\CL.7220.read.1.tlog
C:\projects\Games_new\SGame\Debug\CL.7220.write.1.tlog
C:\projects\Games_new\SGame\Debug\CL.7228.read.1.tlog
C:\projects\Games_new\SGame\Debug\CL.7228.write.1.tlog
C:\projects\Games_new\SGame\Debug\CL.7232.read.1.tlog
C:\projects\Games_new\SGame\Debug\CL.7232.write.1.tlog
C:\projects\Games_new\SGame\Debug\CL.7236.read.1.tlog
C:\projects\Games_new\SGame\Debug\CL.7236.write.1.tlog
C:\projects\Games_new\SGame\Debug\CL.7244.read.1.tlog
C:\projects\Games_new\SGame\Debug\CL.7244.write.1.tlog
C:\projects\Games_new\SGame\Debug\CL.7256.read.1.tlog
C:\projects\Games_new\SGame\Debug\CL.7256.write.1.tlog
C:\projects\Games_new\SGame\Debug\CL.7260.read.1.tlog
C:\projects\Games_new\SGame\Debug\CL.7260.write.1.tlog
C:\projects\Games_new\SGame\Debug\CL.7264.read.1.tlog
C:\projects\Games_new\SGame\Debug\CL.7264.write.1.tlog
C:\projects\Games_new\SGame\Debug\CL.7268.read.1.tlog
C:\projects\Games_new\SGame\Debug\CL.7268.write.1.tlog
C:\projects\Games_new\SGame\Debug\CL.7276.read.1.tlog
C:\projects\Games_new\SGame\Debug\CL.7276.write.1.tlog
C:\projects\Games_new\SGame\Debug\CL.7280.read.1.tlog
C:\projects\Games_new\SGame\Debug\CL.7280.write.1.tlog
C:\projects\Games_new\SGame\Debug\CL.7292.read.1.tlog
C:\projects\Games_new\SGame\Debug\CL.7292.write.1.tlog
C:\projects\Games_new\SGame\Debug\CL.7296.read.1.tlog
C:\projects\Games_new\SGame\Debug\CL.7296.write.1.tlog
C:\projects\Games_new\SGame\Debug\CL.7300.read.1.tlog
C:\projects\Games_new\SGame\Debug\CL.7300.write.1.tlog
C:\projects\Games_new\SGame\Debug\CL.7308.read.1.tlog
C:\projects\Games_new\SGame\Debug\CL.7308.write.1.tlog
C:\projects\Games_new\SGame\Debug\CL.7316.read.1.tlog
C:\projects\Games_new\SGame\Debug\CL.7316.write.1.tlog
C:\projects\Games_new\SGame\Debug\CL.7320.read.1.tlog
C:\projects\Games_new\SGame\Debug\CL.7320.write.1.tlog
C:\projects\Games_new\SGame\Debug\CL.7328.read.1.tlog
C:\projects\Games_new\SGame\Debug\CL.7328.write.1.tlog
C:\projects\Games_new\SGame\Debug\CL.7344.read.1.tlog
C:\projects\Games_new\SGame\Debug\CL.7344.write.1.tlog
C:\projects\Games_new\SGame\Debug\CL.7352.read.1.tlog
C:\projects\Games_new\SGame\Debug\CL.7352.write.1.tlog
C:\projects\Games_new\SGame\Debug\CL.7356.read.1.tlog
C:\projects\Games_new\SGame\Debug\CL.7356.write.1.tlog
C:\projects\Games_new\SGame\Debug\CL.7360.read.1.tlog
C:\projects\Games_new\SGame\Debug\CL.7360.write.1.tlog
C:\projects\Games_new\SGame\Debug\CL.7376.read.1.tlog
C:\projects\Games_new\SGame\Debug\CL.7376.write.1.tlog
C:\projects\Games_new\SGame\Debug\CL.7380.read.1.tlog
C:\projects\Games_new\SGame\Debug\CL.7380.write.1.tlog
C:\projects\Games_new\SGame\Debug\CL.7388.read.1.tlog
C:\projects\Games_new\SGame\Debug\CL.7388.write.1.tlog
C:\projects\Games_new\SGame\Debug\CL.7404.read.1.tlog
C:\projects\Games_new\SGame\Debug\CL.7404.write.1.tlog
C:\projects\Games_new\SGame\Debug\CL.7408.read.1.tlog
C:\projects\Games_new\SGame\Debug\CL.7408.write.1.tlog
C:\projects\Games_new\SGame\Debug\CL.7412.read.1.tlog
C:\projects\Games_new\SGame\Debug\CL.7412.write.1.tlog
C:\projects\Games_new\SGame\Debug\CL.7420.read.1.tlog
C:\projects\Games_new\SGame\Debug\CL.7420.write.1.tlog
C:\projects\Games_new\SGame\Debug\CL.7444.read.1.tlog
C:\projects\Games_new\SGame\Debug\CL.7444.write.1.tlog
C:\projects\Games_new\SGame\Debug\CL.7452.read.1.tlog
C:\projects\Games_new\SGame\Debug\CL.7452.write.1.tlog
C:\projects\Games_new\SGame\Debug\CL.7460.read.1.tlog
C:\projects\Games_new\SGame\Debug\CL.7460.write.1.tlog
C:\projects\Games_new\SGame\Debug\CL.7464.read.1.tlog
C:\projects\Games_new\SGame\Debug\CL.7464.write.1.tlog
C:\projects\Games_new\SGame\Debug\CL.7468.read.1.tlog
C:\projects\Games_new\SGame\Debug\CL.7468.write.1.tlog
C:\projects\Games_new\SGame\Debug\CL.7472.read.1.tlog
C:\projects\Games_new\SGame\Debug\CL.7472.write.1.tlog
C:\projects\Games_new\SGame\Debug\CL.7476.read.1.tlog
C:\projects\Games_new\SGame\Debug\CL.7476.write.1.tlog
C:\projects\Games_new\SGame\Debug\CL.7480.read.1.tlog
C:\projects\Games_new\SGame\Debug\CL.7480.write.1.tlog
C:\projects\Games_new\SGame\Debug\CL.7488.read.1.tlog
C:\projects\Games_new\SGame\Debug\CL.7488.write.1.tlog
C:\projects\Games_new\SGame\Debug\CL.7492.read.1.tlog
C:\projects\Games_new\SGame\Debug\CL.7492.write.1.tlog
C:\projects\Games_new\SGame\Debug\CL.7504.read.1.tlog
C:\projects\Games_new\SGame\Debug\CL.7504.write.1.tlog
C:\projects\Games_new\SGame\Debug\CL.7508.read.1.tlog
C:\projects\Games_new\SGame\Debug\CL.7508.write.1.tlog
C:\projects\Games_new\SGame\Debug\CL.7532.read.1.tlog
C:\projects\Games_new\SGame\Debug\CL.7532.write.1.tlog
C:\projects\Games_new\SGame\Debug\CL.7536.read.1.tlog
C:\projects\Games_new\SGame\Debug\CL.7536.write.1.tlog
C:\projects\Games_new\SGame\Debug\CL.7560.read.1.tlog
C:\projects\Games_new\SGame\Debug\CL.7560.write.1.tlog
C:\projects\Games_new\SGame\Debug\CL.7564.read.1.tlog
C:\projects\Games_new\SGame\Debug\CL.7564.write.1.tlog
C:\projects\Games_new\SGame\Debug\CL.7576.read.1.tlog
C:\projects\Games_new\SGame\Debug\CL.7576.write.1.tlog
C:\projects\Games_new\SGame\Debug\CL.7580.read.1.tlog
C:\projects\Games_new\SGame\Debug\CL.7580.write.1.tlog
C:\projects\Games_new\SGame\Debug\CL.7596.read.1.tlog
C:\projects\Games_new\SGame\Debug\CL.7596.write.1.tlog
C:\projects\Games_new\SGame\Debug\CL.7600.read.1.tlog
C:\projects\Games_new\SGame\Debug\CL.7600.write.1.tlog
C:\projects\Games_new\SGame\Debug\CL.7612.read.1.tlog
C:\projects\Games_new\SGame\Debug\CL.7612.write.1.tlog
C:\projects\Games_new\SGame\Debug\CL.7632.read.1.tlog
C:\projects\Games_new\SGame\Debug\CL.7632.write.1.tlog
C:\projects\Games_new\SGame\Debug\CL.7640.read.1.tlog
C:\projects\Games_new\SGame\Debug\CL.7640.write.1.tlog
C:\projects\Games_new\SGame\Debug\CL.7644.read.1.tlog
C:\projects\Games_new\SGame\Debug\CL.7644.write.1.tlog
C:\projects\Games_new\SGame\Debug\CL.7648.read.1.tlog
C:\projects\Games_new\SGame\Debug\CL.7648.write.1.tlog
C:\projects\Games_new\SGame\Debug\CL.7652.read.1.tlog
C:\projects\Games_new\SGame\Debug\CL.7652.write.1.tlog
C:\projects\Games_new\SGame\Debug\CL.7656.read.1.tlog
C:\projects\Games_new\SGame\Debug\CL.7656.write.1.tlog
C:\projects\Games_new\SGame\Debug\CL.7660.read.1.tlog
C:\projects\Games_new\SGame\Debug\CL.7660.write.1.tlog
C:\projects\Games_new\SGame\Debug\CL.7668.read.1.tlog
C:\projects\Games_new\SGame\Debug\CL.7668.write.1.tlog
C:\projects\Games_new\SGame\Debug\CL.7676.read.1.tlog
C:\projects\Games_new\SGame\Debug\CL.7676.write.1.tlog
C:\projects\Games_new\SGame\Debug\CL.7680.read.1.tlog
C:\projects\Games_new\SGame\Debug\CL.7680.write.1.tlog
C:\projects\Games_new\SGame\Debug\CL.7684.read.1.tlog
C:\projects\Games_new\SGame\Debug\CL.7684.write.1.tlog
C:\projects\Games_new\SGame\Debug\CL.7688.read.1.tlog
C:\projects\Games_new\SGame\Debug\CL.7688.write.1.tlog
C:\projects\Games_new\SGame\Debug\CL.7696.read.1.tlog
C:\projects\Games_new\SGame\Debug\CL.7696.write.1.tlog
C:\projects\Games_new\SGame\Debug\CL.7700.read.1.tlog
C:\projects\Games_new\SGame\Debug\CL.7700.write.1.tlog
C:\projects\Games_new\SGame\Debug\CL.7704.read.1.tlog
C:\projects\Games_new\SGame\Debug\CL.7704.write.1.tlog
C:\projects\Games_new\SGame\Debug\CL.7708.read.1.tlog
C:\projects\Games_new\SGame\Debug\CL.7708.write.1.tlog
C:\projects\Games_new\SGame\Debug\CL.7712.read.1.tlog
C:\projects\Games_new\SGame\Debug\CL.7712.write.1.tlog
C:\projects\Games_new\SGame\Debug\CL.7724.read.1.tlog
C:\projects\Games_new\SGame\Debug\CL.7724.write.1.tlog
C:\projects\Games_new\SGame\Debug\CL.7728.read.1.tlog
C:\projects\Games_new\SGame\Debug\CL.7728.write.1.tlog
C:\projects\Games_new\SGame\Debug\CL.7732.read.1.tlog
C:\projects\Games_new\SGame\Debug\CL.7732.write.1.tlog
C:\projects\Games_new\SGame\Debug\CL.7736.read.1.tlog
C:\projects\Games_new\SGame\Debug\CL.7736.write.1.tlog
C:\projects\Games_new\SGame\Debug\CL.7744.read.1.tlog
C:\projects\Games_new\SGame\Debug\CL.7744.write.1.tlog
C:\projects\Games_new\SGame\Debug\CL.7748.read.1.tlog
C:\projects\Games_new\SGame\Debug\CL.7748.write.1.tlog
C:\projects\Games_new\SGame\Debug\CL.7760.read.1.tlog
C:\projects\Games_new\SGame\Debug\CL.7760.write.1.tlog
C:\projects\Games_new\SGame\Debug\CL.7772.read.1.tlog
C:\projects\Games_new\SGame\Debug\CL.7772.write.1.tlog
C:\projects\Games_new\SGame\Debug\CL.7776.read.1.tlog
C:\projects\Games_new\SGame\Debug\CL.7776.write.1.tlog
C:\projects\Games_new\SGame\Debug\CL.7780.read.1.tlog
C:\projects\Games_new\SGame\Debug\CL.7780.write.1.tlog
C:\projects\Games_new\SGame\Debug\CL.7788.read.1.tlog
C:\projects\Games_new\SGame\Debug\CL.7788.write.1.tlog
C:\projects\Games_new\SGame\Debug\CL.7796.read.1.tlog
C:\projects\Games_new\SGame\Debug\CL.7796.write.1.tlog
C:\projects\Games_new\SGame\Debug\CL.7808.read.1.tlog
C:\projects\Games_new\SGame\Debug\CL.7808.write.1.tlog
C:\projects\Games_new\SGame\Debug\CL.7812.read.1.tlog
C:\projects\Games_new\SGame\Debug\CL.7812.write.1.tlog
C:\projects\Games_new\SGame\Debug\CL.7816.read.1.tlog
C:\projects\Games_new\SGame\Debug\CL.7816.write.1.tlog
C:\projects\Games_new\SGame\Debug\CL.7824.read.1.tlog
C:\projects\Games_new\SGame\Debug\CL.7824.write.1.tlog
C:\projects\Games_new\SGame\Debug\CL.7828.read.1.tlog
C:\projects\Games_new\SGame\Debug\CL.7828.write.1.tlog
C:\projects\Games_new\SGame\Debug\CL.7836.read.1.tlog
C:\projects\Games_new\SGame\Debug\CL.7836.write.1.tlog
C:\projects\Games_new\SGame\Debug\CL.7840.read.1.tlog
C:\projects\Games_new\SGame\Debug\CL.7840.write.1.tlog
C:\projects\Games_new\SGame\Debug\CL.7844.read.1.tlog
C:\projects\Games_new\SGame\Debug\CL.7844.write.1.tlog
C:\projects\Games_new\SGame\Debug\CL.7860.read.1.tlog
C:\projects\Games_new\SGame\Debug\CL.7860.write.1.tlog
C:\projects\Games_new\SGame\Debug\CL.7864.read.1.tlog
C:\projects\Games_new\SGame\Debug\CL.7864.write.1.tlog
C:\projects\Games_new\SGame\Debug\CL.7868.read.1.tlog
C:\projects\Games_new\SGame\Debug\CL.7868.write.1.tlog
C:\projects\Games_new\SGame\Debug\CL.7872.read.1.tlog
C:\projects\Games_new\SGame\Debug\CL.7872.write.1.tlog
C:\projects\Games_new\SGame\Debug\CL.7876.read.1.tlog
C:\projects\Games_new\SGame\Debug\CL.7876.write.1.tlog
C:\projects\Games_new\SGame\Debug\CL.7880.read.1.tlog
C:\projects\Games_new\SGame\Debug\CL.7880.write.1.tlog
C:\projects\Games_new\SGame\Debug\CL.7888.read.1.tlog
C:\projects\Games_new\SGame\Debug\CL.7888.write.1.tlog
C:\projects\Games_new\SGame\Debug\CL.7908.read.1.tlog
C:\projects\Games_new\SGame\Debug\CL.7908.write.1.tlog
C:\projects\Games_new\SGame\Debug\CL.7928.read.1.tlog
C:\projects\Games_new\SGame\Debug\CL.7928.write.1.tlog
C:\projects\Games_new\SGame\Debug\CL.7940.read.1.tlog
C:\projects\Games_new\SGame\Debug\CL.7940.write.1.tlog
C:\projects\Games_new\SGame\Debug\CL.7944.read.1.tlog
C:\projects\Games_new\SGame\Debug\CL.7944.write.1.tlog
C:\projects\Games_new\SGame\Debug\CL.7952.read.1.tlog
C:\projects\Games_new\SGame\Debug\CL.7952.write.1.tlog
C:\projects\Games_new\SGame\Debug\CL.7960.read.1.tlog
C:\projects\Games_new\SGame\Debug\CL.7960.write.1.tlog
C:\projects\Games_new\SGame\Debug\CL.7964.read.1.tlog
C:\projects\Games_new\SGame\Debug\CL.7964.write.1.tlog
C:\projects\Games_new\SGame\Debug\CL.7972.read.1.tlog
C:\projects\Games_new\SGame\Debug\CL.7972.write.1.tlog
C:\projects\Games_new\SGame\Debug\CL.7984.read.1.tlog
C:\projects\Games_new\SGame\Debug\CL.7984.write.1.tlog
C:\projects\Games_new\SGame\Debug\CL.7992.read.1.tlog
C:\projects\Games_new\SGame\Debug\CL.7992.write.1.tlog
C:\projects\Games_new\SGame\Debug\CL.7996.read.1.tlog
C:\projects\Games_new\SGame\Debug\CL.7996.write.1.tlog
C:\projects\Games_new\SGame\Debug\CL.8000.read.1.tlog
C:\projects\Games_new\SGame\Debug\CL.8000.write.1.tlog
C:\projects\Games_new\SGame\Debug\CL.8004.read.1.tlog
C:\projects\Games_new\SGame\Debug\CL.8004.write.1.tlog
C:\projects\Games_new\SGame\Debug\CL.8032.read.1.tlog
C:\projects\Games_new\SGame\Debug\CL.8032.write.1.tlog
C:\projects\Games_new\SGame\Debug\CL.8036.read.1.tlog
C:\projects\Games_new\SGame\Debug\CL.8036.write.1.tlog
C:\projects\Games_new\SGame\Debug\CL.8040.read.1.tlog
C:\projects\Games_new\SGame\Debug\CL.8040.write.1.tlog
C:\projects\Games_new\SGame\Debug\CL.8044.read.1.tlog
C:\projects\Games_new\SGame\Debug\CL.8044.write.1.tlog
C:\projects\Games_new\SGame\Debug\CL.8048.read.1.tlog
C:\projects\Games_new\SGame\Debug\CL.8048.write.1.tlog
C:\projects\Games_new\SGame\Debug\CL.8060.read.1.tlog
C:\projects\Games_new\SGame\Debug\CL.8060.write.1.tlog
C:\projects\Games_new\SGame\Debug\CL.8068.read.1.tlog
C:\projects\Games_new\SGame\Debug\CL.8068.write.1.tlog
C:\projects\Games_new\SGame\Debug\CL.8104.read.1.tlog
C:\projects\Games_new\SGame\Debug\CL.8104.write.1.tlog
C:\projects\Games_new\SGame\Debug\CL.8108.read.1.tlog
C:\projects\Games_new\SGame\Debug\CL.8108.write.1.tlog
C:\projects\Games_new\SGame\Debug\CL.8112.read.1.tlog
C:\projects\Games_new\SGame\Debug\CL.8112.write.1.tlog
C:\projects\Games_new\SGame\Debug\CL.8116.read.1.tlog
C:\projects\Games_new\SGame\Debug\CL.8116.write.1.tlog
C:\projects\Games_new\SGame\Debug\CL.8120.read.1.tlog
C:\projects\Games_new\SGame\Debug\CL.8120.write.1.tlog
C:\projects\Games_new\SGame\Debug\CL.8124.read.1.tlog
C:\projects\Games_new\SGame\Debug\CL.8124.write.1.tlog
C:\projects\Games_new\SGame\Debug\CL.8136.read.1.tlog
C:\projects\Games_new\SGame\Debug\CL.8136.write.1.tlog
C:\projects\Games_new\SGame\Debug\CL.8140.read.1.tlog
C:\projects\Games_new\SGame\Debug\CL.8140.write.1.tlog
C:\projects\Games_new\SGame\Debug\CL.8152.read.1.tlog
C:\projects\Games_new\SGame\Debug\CL.8152.write.1.tlog
C:\projects\Games_new\SGame\Debug\CL.8156.read.1.tlog
C:\projects\Games_new\SGame\Debug\CL.8156.write.1.tlog
C:\projects\Games_new\SGame\Debug\CL.8168.read.1.tlog
C:\projects\Games_new\SGame\Debug\CL.8168.write.1.tlog
C:\projects\Games_new\SGame\Debug\CL.8172.read.1.tlog
C:\projects\Games_new\SGame\Debug\CL.8172.write.1.tlog
C:\projects\Games_new\SGame\Debug\CL.8212.read.1.tlog
C:\projects\Games_new\SGame\Debug\CL.8212.write.1.tlog
C:\projects\Games_new\SGame\Debug\CL.8216.read.1.tlog
C:\projects\Games_new\SGame\Debug\CL.8216.write.1.tlog
C:\projects\Games_new\SGame\Debug\CL.8220.read.1.tlog
C:\projects\Games_new\SGame\Debug\CL.8220.write.1.tlog
C:\projects\Games_new\SGame\Debug\CL.8224.read.1.tlog
C:\projects\Games_new\SGame\Debug\CL.8224.write.1.tlog
C:\projects\Games_new\SGame\Debug\CL.8232.read.1.tlog
C:\projects\Games_new\SGame\Debug\CL.8232.write.1.tlog
C:\projects\Games_new\SGame\Debug\CL.8244.read.1.tlog
C:\projects\Games_new\SGame\Debug\CL.8244.write.1.tlog
C:\projects\Games_new\SGame\Debug\CL.8248.read.1.tlog
C:\projects\Games_new\SGame\Debug\CL.8248.write.1.tlog
C:\projects\Games_new\SGame\Debug\CL.8252.read.1.tlog
C:\projects\Games_new\SGame\Debug\CL.8252.write.1.tlog
C:\projects\Games_new\SGame\Debug\CL.8260.read.1.tlog
C:\projects\Games_new\SGame\Debug\CL.8260.write.1.tlog
C:\projects\Games_new\SGame\Debug\CL.8276.read.1.tlog
C:\projects\Games_new\SGame\Debug\CL.8276.write.1.tlog
C:\projects\Games_new\SGame\Debug\CL.828.read.1.tlog
C:\projects\Games_new\SGame\Debug\CL.828.write.1.tlog
C:\projects\Games_new\SGame\Debug\CL.8284.read.1.tlog
C:\projects\Games_new\SGame\Debug\CL.8284.write.1.tlog
C:\projects\Games_new\SGame\Debug\CL.8288.read.1.tlog
C:\projects\Games_new\SGame\Debug\CL.8288.write.1.tlog
C:\projects\Games_new\SGame\Debug\CL.8296.read.1.tlog
C:\projects\Games_new\SGame\Debug\CL.8296.write.1.tlog
C:\projects\Games_new\SGame\Debug\CL.8300.read.1.tlog
C:\projects\Games_new\SGame\Debug\CL.8300.write.1.tlog
C:\projects\Games_new\SGame\Debug\CL.8304.read.1.tlog
C:\projects\Games_new\SGame\Debug\CL.8304.write.1.tlog
C:\projects\Games_new\SGame\Debug\CL.8308.read.1.tlog
C:\projects\Games_new\SGame\Debug\CL.8308.write.1.tlog
C:\projects\Games_new\SGame\Debug\CL.8320.read.1.tlog
C:\projects\Games_new\SGame\Debug\CL.8320.write.1.tlog
C:\projects\Games_new\SGame\Debug\CL.8324.read.1.tlog
C:\projects\Games_new\SGame\Debug\CL.8324.write.1.tlog
C:\projects\Games_new\SGame\Debug\CL.8336.read.1.tlog
C:\projects\Games_new\SGame\Debug\CL.8336.write.1.tlog
C:\projects\Games_new\SGame\Debug\CL.8340.read.1.tlog
C:\projects\Games_new\SGame\Debug\CL.8340.write.1.tlog
C:\projects\Games_new\SGame\Debug\CL.8344.read.1.tlog
C:\projects\Games_new\SGame\Debug\CL.8344.write.1.tlog
C:\projects\Games_new\SGame\Debug\CL.8352.read.1.tlog
C:\projects\Games_new\SGame\Debug\CL.8352.write.1.tlog
C:\projects\Games_new\SGame\Debug\CL.8360.read.1.tlog
C:\projects\Games_new\SGame\Debug\CL.8360.write.1.tlog
C:\projects\Games_new\SGame\Debug\CL.8364.read.1.tlog
C:\projects\Games_new\SGame\Debug\CL.8364.write.1.tlog
C:\projects\Games_new\SGame\Debug\CL.8376.read.1.tlog
C:\projects\Games_new\SGame\Debug\CL.8376.write.1.tlog
C:\projects\Games_new\SGame\Debug\CL.8380.read.1.tlog
C:\projects\Games_new\SGame\Debug\CL.8380.write.1.tlog
C:\projects\Games_new\SGame\Debug\CL.8392.read.1.tlog
C:\projects\Games_new\SGame\Debug\CL.8392.write.1.tlog
C:\projects\Games_new\SGame\Debug\CL.8396.read.1.tlog
C:\projects\Games_new\SGame\Debug\CL.8396.write.1.tlog
C:\projects\Games_new\SGame\Debug\CL.8404.read.1.tlog
C:\projects\Games_new\SGame\Debug\CL.8404.write.1.tlog
C:\projects\Games_new\SGame\Debug\CL.8420.read.1.tlog
C:\projects\Games_new\SGame\Debug\CL.8420.write.1.tlog
C:\projects\Games_new\SGame\Debug\CL.8432.read.1.tlog
C:\projects\Games_new\SGame\Debug\CL.8432.write.1.tlog
C:\projects\Games_new\SGame\Debug\CL.8436.read.1.tlog
C:\projects\Games_new\SGame\Debug\CL.8436.write.1.tlog
C:\projects\Games_new\SGame\Debug\CL.8440.read.1.tlog
C:\projects\Games_new\SGame\Debug\CL.8440.write.1.tlog
C:\projects\Games_new\SGame\Debug\CL.8452.read.1.tlog
C:\projects\Games_new\SGame\Debug\CL.8452.write.1.tlog
C:\projects\Games_new\SGame\Debug\CL.8464.read.1.tlog
C:\projects\Games_new\SGame\Debug\CL.8464.write.1.tlog
C:\projects\Games_new\SGame\Debug\CL.8472.read.1.tlog
C:\projects\Games_new\SGame\Debug\CL.8472.write.1.tlog
C:\projects\Games_new\SGame\Debug\CL.8480.read.1.tlog
C:\projects\Games_new\SGame\Debug\CL.8480.write.1.tlog
C:\projects\Games_new\SGame\Debug\CL.8492.read.1.tlog
C:\projects\Games_new\SGame\Debug\CL.8492.write.1.tlog
C:\projects\Games_new\SGame\Debug\CL.8496.read.1.tlog
C:\projects\Games_new\SGame\Debug\CL.8496.write.1.tlog
C:\projects\Games_new\SGame\Debug\CL.8504.read.1.tlog
C:\projects\Games_new\SGame\Debug\CL.8504.write.1.tlog
C:\projects\Games_new\SGame\Debug\CL.8512.read.1.tlog
C:\projects\Games_new\SGame\Debug\CL.8512.write.1.tlog
C:\projects\Games_new\SGame\Debug\CL.8524.read.1.tlog
C:\projects\Games_new\SGame\Debug\CL.8524.write.1.tlog
C:\projects\Games_new\SGame\Debug\CL.8528.read.1.tlog
C:\projects\Games_new\SGame\Debug\CL.8528.write.1.tlog
C:\projects\Games_new\SGame\Debug\CL.8532.read.1.tlog
C:\projects\Games_new\SGame\Debug\CL.8532.write.1.tlog
C:\projects\Games_new\SGame\Debug\CL.8536.read.1.tlog
C:\projects\Games_new\SGame\Debug\CL.8536.write.1.tlog
C:\projects\Games_new\SGame\Debug\CL.8540.read.1.tlog
C:\projects\Games_new\SGame\Debug\CL.8540.write.1.tlog
C:\projects\Games_new\SGame\Debug\CL.8544.read.1.tlog
C:\projects\Games_new\SGame\Debug\CL.8544.write.1.tlog
C:\projects\Games_new\SGame\Debug\CL.8548.read.1.tlog
C:\projects\Games_new\SGame\Debug\CL.8548.write.1.tlog
C:\projects\Games_new\SGame\Debug\CL.8552.read.1.tlog
C:\projects\Games_new\SGame\Debug\CL.8552.write.1.tlog
C:\projects\Games_new\SGame\Debug\CL.8556.read.1.tlog
C:\projects\Games_new\SGame\Debug\CL.8556.write.1.tlog
C:\projects\Games_new\SGame\Debug\CL.856.read.1.tlog
C:\projects\Games_new\SGame\Debug\CL.856.write.1.tlog
C:\projects\Games_new\SGame\Debug\CL.8560.read.1.tlog
C:\projects\Games_new\SGame\Debug\CL.8560.write.1.tlog
C:\projects\Games_new\SGame\Debug\CL.8564.read.1.tlog
C:\projects\Games_new\SGame\Debug\CL.8564.write.1.tlog
C:\projects\Games_new\SGame\Debug\CL.8568.read.1.tlog
C:\projects\Games_new\SGame\Debug\CL.8568.write.1.tlog
C:\projects\Games_new\SGame\Debug\CL.8572.read.1.tlog
C:\projects\Games_new\SGame\Debug\CL.8572.write.1.tlog
C:\projects\Games_new\SGame\Debug\CL.8576.read.1.tlog
C:\projects\Games_new\SGame\Debug\CL.8576.write.1.tlog
C:\projects\Games_new\SGame\Debug\CL.8580.read.1.tlog
C:\projects\Games_new\SGame\Debug\CL.8580.write.1.tlog
C:\projects\Games_new\SGame\Debug\CL.8584.read.1.tlog
C:\projects\Games_new\SGame\Debug\CL.8584.write.1.tlog
C:\projects\Games_new\SGame\Debug\CL.8588.read.1.tlog
C:\projects\Games_new\SGame\Debug\CL.8588.write.1.tlog
C:\projects\Games_new\SGame\Debug\CL.8592.read.1.tlog
C:\projects\Games_new\SGame\Debug\CL.8592.write.1.tlog
C:\projects\Games_new\SGame\Debug\CL.8608.read.1.tlog
C:\projects\Games_new\SGame\Debug\CL.8608.write.1.tlog
C:\projects\Games_new\SGame\Debug\CL.8612.read.1.tlog
C:\projects\Games_new\SGame\Debug\CL.8612.write.1.tlog
C:\projects\Games_new\SGame\Debug\CL.8620.read.1.tlog
C:\projects\Games_new\SGame\Debug\CL.8620.write.1.tlog
C:\projects\Games_new\SGame\Debug\CL.8644.read.1.tlog
C:\projects\Games_new\SGame\Debug\CL.8644.write.1.tlog
C:\projects\Games_new\SGame\Debug\CL.8652.read.1.tlog
C:\projects\Games_new\SGame\Debug\CL.8652.write.1.tlog
C:\projects\Games_new\SGame\Debug\CL.8664.read.1.tlog
C:\projects\Games_new\SGame\Debug\CL.8664.write.1.tlog
C:\projects\Games_new\SGame\Debug\CL.8668.read.1.tlog
C:\projects\Games_new\SGame\Debug\CL.8668.write.1.tlog
C:\projects\Games_new\SGame\Debug\CL.8672.read.1.tlog
C:\projects\Games_new\SGame\Debug\CL.8672.write.1.tlog
C:\projects\Games_new\SGame\Debug\CL.868.read.1.tlog
C:\projects\Games_new\SGame\Debug\CL.868.write.1.tlog
C:\projects\Games_new\SGame\Debug\CL.8680.read.1.tlog
C:\projects\Games_new\SGame\Debug\CL.8680.write.1.tlog
C:\projects\Games_new\SGame\Debug\CL.8692.read.1.tlog
C:\projects\Games_new\SGame\Debug\CL.8692.write.1.tlog
C:\projects\Games_new\SGame\Debug\CL.8708.read.1.tlog
C:\projects\Games_new\SGame\Debug\CL.8708.write.1.tlog
C:\projects\Games_new\SGame\Debug\CL.8712.read.1.tlog
C:\projects\Games_new\SGame\Debug\CL.8712.write.1.tlog
C:\projects\Games_new\SGame\Debug\CL.8716.read.1.tlog
C:\projects\Games_new\SGame\Debug\CL.8716.write.1.tlog
C:\projects\Games_new\SGame\Debug\CL.8724.read.1.tlog
C:\projects\Games_new\SGame\Debug\CL.8724.write.1.tlog
C:\projects\Games_new\SGame\Debug\CL.8732.read.1.tlog
C:\projects\Games_new\SGame\Debug\CL.8732.write.1.tlog
C:\projects\Games_new\SGame\Debug\CL.8736.read.1.tlog
C:\projects\Games_new\SGame\Debug\CL.8736.write.1.tlog
C:\projects\Games_new\SGame\Debug\CL.8740.read.1.tlog
C:\projects\Games_new\SGame\Debug\CL.8740.write.1.tlog
C:\projects\Games_new\SGame\Debug\CL.8744.read.1.tlog
C:\projects\Games_new\SGame\Debug\CL.8744.write.1.tlog
C:\projects\Games_new\SGame\Debug\CL.8748.read.1.tlog
C:\projects\Games_new\SGame\Debug\CL.8748.write.1.tlog
C:\projects\Games_new\SGame\Debug\CL.8752.read.1.tlog
C:\projects\Games_new\SGame\Debug\CL.8752.write.1.tlog
C:\projects\Games_new\SGame\Debug\CL.8756.read.1.tlog
C:\projects\Games_new\SGame\Debug\CL.8756.write.1.tlog
C:\projects\Games_new\SGame\Debug\CL.876.read.1.tlog
C:\projects\Games_new\SGame\Debug\CL.876.write.1.tlog
C:\projects\Games_new\SGame\Debug\CL.8760.read.1.tlog
C:\projects\Games_new\SGame\Debug\CL.8760.write.1.tlog
C:\projects\Games_new\SGame\Debug\CL.8772.read.1.tlog
C:\projects\Games_new\SGame\Debug\CL.8772.write.1.tlog
C:\projects\Games_new\SGame\Debug\CL.8780.read.1.tlog
C:\projects\Games_new\SGame\Debug\CL.8780.write.1.tlog
C:\projects\Games_new\SGame\Debug\CL.8784.read.1.tlog
C:\projects\Games_new\SGame\Debug\CL.8784.write.1.tlog
C:\projects\Games_new\SGame\Debug\CL.8792.read.1.tlog
C:\projects\Games_new\SGame\Debug\CL.8792.write.1.tlog
C:\projects\Games_new\SGame\Debug\CL.8796.read.1.tlog
C:\projects\Games_new\SGame\Debug\CL.8796.write.1.tlog
C:\projects\Games_new\SGame\Debug\CL.8816.read.1.tlog
C:\projects\Games_new\SGame\Debug\CL.8816.write.1.tlog
C:\projects\Games_new\SGame\Debug\CL.8828.read.1.tlog
C:\projects\Games_new\SGame\Debug\CL.8828.write.1.tlog
C:\projects\Games_new\SGame\Debug\CL.8840.read.1.tlog
C:\projects\Games_new\SGame\Debug\CL.8840.write.1.tlog
C:\projects\Games_new\SGame\Debug\CL.8848.read.1.tlog
C:\projects\Games_new\SGame\Debug\CL.8848.write.1.tlog
C:\projects\Games_new\SGame\Debug\CL.8852.read.1.tlog
C:\projects\Games_new\SGame\Debug\CL.8852.write.1.tlog
C:\projects\Games_new\SGame\Debug\CL.8856.read.1.tlog
C:\projects\Games_new\SGame\Debug\CL.8856.write.1.tlog
C:\projects\Games_new\SGame\Debug\CL.8864.read.1.tlog
C:\projects\Games_new\SGame\Debug\CL.8864.write.1.tlog
C:\projects\Games_new\SGame\Debug\CL.8880.read.1.tlog
C:\projects\Games_new\SGame\Debug\CL.8880.write.1.tlog
C:\projects\Games_new\SGame\Debug\CL.8884.read.1.tlog
C:\projects\Games_new\SGame\Debug\CL.8884.write.1.tlog
C:\projects\Games_new\SGame\Debug\CL.8888.read.1.tlog
C:\projects\Games_new\SGame\Debug\CL.8888.write.1.tlog
C:\projects\Games_new\SGame\Debug\CL.8896.read.1.tlog
C:\projects\Games_new\SGame\Debug\CL.8896.write.1.tlog
C:\projects\Games_new\SGame\Debug\CL.8904.read.1.tlog
C:\projects\Games_new\SGame\Debug\CL.8904.write.1.tlog
C:\projects\Games_new\SGame\Debug\CL.8912.read.1.tlog
C:\projects\Games_new\SGame\Debug\CL.8912.write.1.tlog
C:\projects\Games_new\SGame\Debug\CL.8916.read.1.tlog
C:\projects\Games_new\SGame\Debug\CL.8916.write.1.tlog
C:\projects\Games_new\SGame\Debug\CL.8920.read.1.tlog
C:\projects\Games_new\SGame\Debug\CL.8920.write.1.tlog
C:\projects\Games_new\SGame\Debug\CL.8928.read.1.tlog
C:\projects\Games_new\SGame\Debug\CL.8928.write.1.tlog
C:\projects\Games_new\SGame\Debug\CL.8936.read.1.tlog
C:\projects\Games_new\SGame\Debug\CL.8936.write.1.tlog
C:\projects\Games_new\SGame\Debug\CL.8940.read.1.tlog
C:\projects\Games_new\SGame\Debug\CL.8940.write.1.tlog
C:\projects\Games_new\SGame\Debug\CL.8944.read.1.tlog
C:\projects\Games_new\SGame\Debug\CL.8944.write.1.tlog
C:\projects\Games_new\SGame\Debug\CL.8948.read.1.tlog
C:\projects\Games_new\SGame\Debug\CL.8948.write.1.tlog
C:\projects\Games_new\SGame\Debug\CL.8952.read.1.tlog
C:\projects\Games_new\SGame\Debug\CL.8952.write.1.tlog
C:\projects\Games_new\SGame\Debug\CL.896.read.1.tlog
C:\projects\Games_new\SGame\Debug\CL.896.write.1.tlog
C:\projects\Games_new\SGame\Debug\CL.8968.read.1.tlog
C:\projects\Games_new\SGame\Debug\CL.8968.write.1.tlog
C:\projects\Games_new\SGame\Debug\CL.8972.read.1.tlog
C:\projects\Games_new\SGame\Debug\CL.8972.write.1.tlog
C:\projects\Games_new\SGame\Debug\CL.8984.read.1.tlog
C:\projects\Games_new\SGame\Debug\CL.8984.write.1.tlog
C:\projects\Games_new\SGame\Debug\CL.8988.read.1.tlog
C:\projects\Games_new\SGame\Debug\CL.8988.write.1.tlog
C:\projects\Games_new\SGame\Debug\CL.8992.read.1.tlog
C:\projects\Games_new\SGame\Debug\CL.8992.write.1.tlog
C:\projects\Games_new\SGame\Debug\CL.8996.read.1.tlog
C:\projects\Games_new\SGame\Debug\CL.8996.write.1.tlog
C:\projects\Games_new\SGame\Debug\CL.9000.read.1.tlog
C:\projects\Games_new\SGame\Debug\CL.9000.write.1.tlog
C:\projects\Games_new\SGame\Debug\CL.9008.read.1.tlog
C:\projects\Games_new\SGame\Debug\CL.9008.write.1.tlog
C:\projects\Games_new\SGame\Debug\CL.9012.read.1.tlog
C:\projects\Games_new\SGame\Debug\CL.9012.write.1.tlog
C:\projects\Games_new\SGame\Debug\CL.9020.read.1.tlog
C:\projects\Games_new\SGame\Debug\CL.9020.write.1.tlog
C:\projects\Games_new\SGame\Debug\CL.9036.read.1.tlog
C:\projects\Games_new\SGame\Debug\CL.9036.write.1.tlog
C:\projects\Games_new\SGame\Debug\CL.9040.read.1.tlog
C:\projects\Games_new\SGame\Debug\CL.9040.write.1.tlog
C:\projects\Games_new\SGame\Debug\CL.9044.read.1.tlog
C:\projects\Games_new\SGame\Debug\CL.9044.write.1.tlog
C:\projects\Games_new\SGame\Debug\CL.9048.read.1.tlog
C:\projects\Games_new\SGame\Debug\CL.9048.write.1.tlog
C:\projects\Games_new\SGame\Debug\CL.9052.read.1.tlog
C:\projects\Games_new\SGame\Debug\CL.9052.write.1.tlog
C:\projects\Games_new\SGame\Debug\CL.9064.read.1.tlog
C:\projects\Games_new\SGame\Debug\CL.9064.write.1.tlog
C:\projects\Games_new\SGame\Debug\CL.9068.read.1.tlog
C:\projects\Games_new\SGame\Debug\CL.9068.write.1.tlog
C:\projects\Games_new\SGame\Debug\CL.9088.read.1.tlog
C:\projects\Games_new\SGame\Debug\CL.9088.write.1.tlog
C:\projects\Games_new\SGame\Debug\CL.9096.read.1.tlog
C:\projects\Games_new\SGame\Debug\CL.9096.write.1.tlog
C:\projects\Games_new\SGame\Debug\CL.9100.read.1.tlog
C:\projects\Games_new\SGame\Debug\CL.9100.write.1.tlog
C:\projects\Games_new\SGame\Debug\CL.9104.read.1.tlog
C:\projects\Games_new\SGame\Debug\CL.9104.write.1.tlog
C:\projects\Games_new\SGame\Debug\CL.9116.read.1.tlog
C:\projects\Games_new\SGame\Debug\CL.9116.write.1.tlog
C:\projects\Games_new\SGame\Debug\CL.9124.read.1.tlog
C:\projects\Games_new\SGame\Debug\CL.9124.write.1.tlog
C:\projects\Games_new\SGame\Debug\CL.9128.read.1.tlog
C:\projects\Games_new\SGame\Debug\CL.9128.write.1.tlog
C:\projects\Games_new\SGame\Debug\CL.9140.read.1.tlog
C:\projects\Games_new\SGame\Debug\CL.9140.write.1.tlog
C:\projects\Games_new\SGame\Debug\CL.9144.read.1.tlog
C:\projects\Games_new\SGame\Debug\CL.9144.write.1.tlog
C:\projects\Games_new\SGame\Debug\CL.9156.read.1.tlog
C:\projects\Games_new\SGame\Debug\CL.9156.write.1.tlog
C:\projects\Games_new\SGame\Debug\CL.9160.read.1.tlog
C:\projects\Games_new\SGame\Debug\CL.9160.write.1.tlog
C:\projects\Games_new\SGame\Debug\CL.9164.read.1.tlog
C:\projects\Games_new\SGame\Debug\CL.9164.write.1.tlog
C:\projects\Games_new\SGame\Debug\CL.9172.read.1.tlog
C:\projects\Games_new\SGame\Debug\CL.9172.write.1.tlog
C:\projects\Games_new\SGame\Debug\CL.9184.read.1.tlog
C:\projects\Games_new\SGame\Debug\CL.9184.write.1.tlog
C:\projects\Games_new\SGame\Debug\CL.9192.read.1.tlog
C:\projects\Games_new\SGame\Debug\CL.9192.write.1.tlog
C:\projects\Games_new\SGame\Debug\CL.9200.read.1.tlog
C:\projects\Games_new\SGame\Debug\CL.9200.write.1.tlog
C:\projects\Games_new\SGame\Debug\CL.9208.read.1.tlog
C:\projects\Games_new\SGame\Debug\CL.9208.write.1.tlog
C:\projects\Games_new\SGame\Debug\CL.960.read.1.tlog
C:\projects\Games_new\SGame\Debug\CL.960.write.1.tlog
C:\projects\Games_new\SGame\Debug\CL.988.read.1.tlog
C:\projects\Games_new\SGame\Debug\CL.988.write.1.tlog
C:\projects\Games_new\SGame\Debug\cl.command.1.tlog
C:\projects\Games_new\SGame\Debug\CL.read.1.tlog
C:\projects\Games_new\SGame\Debug\CL.write.1.tlog
C:\projects\Games_new\SGame\Debug\link-cvtres.read.1.tlog
C:\projects\Games_new\SGame\Debug\link-cvtres.write.1.tlog
C:\projects\Games_new\SGame\Debug\link-rc.read.1.tlog
C:\projects\Games_new\SGame\Debug\link-rc.write.1.tlog
C:\projects\Games_new\SGame\Debug\link.1244-cvtres.read.1.tlog
C:\projects\Games_new\SGame\Debug\link.1244-cvtres.write.1.tlog
C:\projects\Games_new\SGame\Debug\link.1244-rc.read.1.tlog
C:\projects\Games_new\SGame\Debug\link.1244-rc.write.1.tlog
C:\projects\Games_new\SGame\Debug\link.1244.read.1.tlog
C:\projects\Games_new\SGame\Debug\link.1244.write.1.tlog
C:\projects\Games_new\SGame\Debug\link.1908-cvtres.read.1.tlog
C:\projects\Games_new\SGame\Debug\link.1908-cvtres.write.1.tlog
C:\projects\Games_new\SGame\Debug\link.1908-rc.read.1.tlog
C:\projects\Games_new\SGame\Debug\link.1908-rc.write.1.tlog
C:\projects\Games_new\SGame\Debug\link.1908.read.1.tlog
C:\projects\Games_new\SGame\Debug\link.1908.write.1.tlog
C:\projects\Games_new\SGame\Debug\link.3176-cvtres.read.1.tlog
C:\projects\Games_new\SGame\Debug\link.3176-cvtres.write.1.tlog
C:\projects\Games_new\SGame\Debug\link.3176-rc.read.1.tlog
C:\projects\Games_new\SGame\Debug\link.3176-rc.write.1.tlog
C:\projects\Games_new\SGame\Debug\link.3176.read.1.tlog
C:\projects\Games_new\SGame\Debug\link.3176.write.1.tlog
C:\projects\Games_new\SGame\Debug\link.3196-cvtres.read.1.tlog
C:\projects\Games_new\SGame\Debug\link.3196-cvtres.write.1.tlog
C:\projects\Games_new\SGame\Debug\link.3196-rc.read.1.tlog
C:\projects\Games_new\SGame\Debug\link.3196-rc.write.1.tlog
C:\projects\Games_new\SGame\Debug\link.3196.read.1.tlog
C:\projects\Games_new\SGame\Debug\link.3196.write.1.tlog
C:\projects\Games_new\SGame\Debug\link.4108-cvtres.read.1.tlog
C:\projects\Games_new\SGame\Debug\link.4108-cvtres.write.1.tlog
C:\projects\Games_new\SGame\Debug\link.4108-rc.read.1.tlog
C:\projects\Games_new\SGame\Debug\link.4108-rc.write.1.tlog
C:\projects\Games_new\SGame\Debug\link.4108.read.1.tlog
C:\projects\Games_new\SGame\Debug\link.4108.write.1.tlog
C:\projects\Games_new\SGame\Debug\link.5000-cvtres.read.1.tlog
C:\projects\Games_new\SGame\Debug\link.5000-cvtres.write.1.tlog
C:\projects\Games_new\SGame\Debug\link.5000-rc.read.1.tlog
C:\projects\Games_new\SGame\Debug\link.5000-rc.write.1.tlog
C:\projects\Games_new\SGame\Debug\link.5000.read.1.tlog
C:\projects\Games_new\SGame\Debug\link.5000.write.1.tlog
C:\projects\Games_new\SGame\Debug\link.5284-cvtres.read.1.tlog
C:\projects\Games_new\SGame\Debug\link.5284-cvtres.write.1.tlog
C:\projects\Games_new\SGame\Debug\link.5284-rc.read.1.tlog
C:\projects\Games_new\SGame\Debug\link.5284-rc.write.1.tlog
C:\projects\Games_new\SGame\Debug\link.5284.read.1.tlog
C:\projects\Games_new\SGame\Debug\link.5284.write.1.tlog
C:\projects\Games_new\SGame\Debug\link.5804-cvtres.read.1.tlog
C:\projects\Games_new\SGame\Debug\link.5804-cvtres.write.1.tlog
C:\projects\Games_new\SGame\Debug\link.5804-rc.read.1.tlog
C:\projects\Games_new\SGame\Debug\link.5804-rc.write.1.tlog
C:\projects\Games_new\SGame\Debug\link.5804.read.1.tlog
C:\projects\Games_new\SGame\Debug\link.5804.write.1.tlog
C:\projects\Games_new\SGame\Debug\link.5808-cvtres.read.1.tlog
C:\projects\Games_new\SGame\Debug\link.5808-cvtres.write.1.tlog
C:\projects\Games_new\SGame\Debug\link.5808-rc.read.1.tlog
C:\projects\Games_new\SGame\Debug\link.5808-rc.write.1.tlog
C:\projects\Games_new\SGame\Debug\link.5808.read.1.tlog
C:\projects\Games_new\SGame\Debug\link.5808.write.1.tlog
C:\projects\Games_new\SGame\Debug\link.5864-cvtres.read.1.tlog
C:\projects\Games_new\SGame\Debug\link.5864-cvtres.write.1.tlog
C:\projects\Games_new\SGame\Debug\link.5864-rc.read.1.tlog
C:\projects\Games_new\SGame\Debug\link.5864-rc.write.1.tlog
C:\projects\Games_new\SGame\Debug\link.5864.read.1.tlog
C:\projects\Games_new\SGame\Debug\link.5864.write.1.tlog
C:\projects\Games_new\SGame\Debug\link.6616-cvtres.read.1.tlog
C:\projects\Games_new\SGame\Debug\link.6616-cvtres.write.1.tlog
C:\projects\Games_new\SGame\Debug\link.6616-rc.read.1.tlog
C:\projects\Games_new\SGame\Debug\link.6616-rc.write.1.tlog
C:\projects\Games_new\SGame\Debug\link.6616.read.1.tlog
C:\projects\Games_new\SGame\Debug\link.6616.write.1.tlog
C:\projects\Games_new\SGame\Debug\link.7116-cvtres.read.1.tlog
C:\projects\Games_new\SGame\Debug\link.7116-cvtres.write.1.tlog
C:\projects\Games_new\SGame\Debug\link.7116-rc.read.1.tlog
C:\projects\Games_new\SGame\Debug\link.7116-rc.write.1.tlog
C:\projects\Games_new\SGame\Debug\link.7116.read.1.tlog
C:\projects\Games_new\SGame\Debug\link.7116.write.1.tlog
C:\projects\Games_new\SGame\Debug\link.7228-cvtres.read.1.tlog
C:\projects\Games_new\SGame\Debug\link.7228-cvtres.write.1.tlog
C:\projects\Games_new\SGame\Debug\link.7228-rc.read.1.tlog
C:\projects\Games_new\SGame\Debug\link.7228-rc.write.1.tlog
C:\projects\Games_new\SGame\Debug\link.7228.read.1.tlog
C:\projects\Games_new\SGame\Debug\link.7228.write.1.tlog
C:\projects\Games_new\SGame\Debug\link.7472-cvtres.read.1.tlog
C:\projects\Games_new\SGame\Debug\link.7472-cvtres.write.1.tlog
C:\projects\Games_new\SGame\Debug\link.7472-rc.read.1.tlog
C:\projects\Games_new\SGame\Debug\link.7472-rc.write.1.tlog
C:\projects\Games_new\SGame\Debug\link.7472.read.1.tlog
C:\projects\Games_new\SGame\Debug\link.7472.write.1.tlog
C:\projects\Games_new\SGame\Debug\link.7476-cvtres.read.1.tlog
C:\projects\Games_new\SGame\Debug\link.7476-cvtres.write.1.tlog
C:\projects\Games_new\SGame\Debug\link.7476-rc.read.1.tlog
C:\projects\Games_new\SGame\Debug\link.7476-rc.write.1.tlog
C:\projects\Games_new\SGame\Debug\link.7476.read.1.tlog
C:\projects\Games_new\SGame\Debug\link.7476.write.1.tlog
C:\projects\Games_new\SGame\Debug\link.7532-cvtres.read.1.tlog
C:\projects\Games_new\SGame\Debug\link.7532-cvtres.write.1.tlog
C:\projects\Games_new\SGame\Debug\link.7532-rc.read.1.tlog
C:\projects\Games_new\SGame\Debug\link.7532-rc.write.1.tlog
C:\projects\Games_new\SGame\Debug\link.7532.read.1.tlog
C:\projects\Games_new\SGame\Debug\link.7532.write.1.tlog
C:\projects\Games_new\SGame\Debug\link.7776-cvtres.read.1.tlog
C:\projects\Games_new\SGame\Debug\link.7776-cvtres.write.1.tlog
C:\projects\Games_new\SGame\Debug\link.7776-rc.read.1.tlog
C:\projects\Games_new\SGame\Debug\link.7776-rc.write.1.tlog
C:\projects\Games_new\SGame\Debug\link.7776.read.1.tlog
C:\projects\Games_new\SGame\Debug\link.7776.write.1.tlog
C:\projects\Games_new\SGame\Debug\link.7788-cvtres.read.1.tlog
C:\projects\Games_new\SGame\Debug\link.7788-cvtres.write.1.tlog
C:\projects\Games_new\SGame\Debug\link.7788-rc.read.1.tlog
C:\projects\Games_new\SGame\Debug\link.7788-rc.write.1.tlog
C:\projects\Games_new\SGame\Debug\link.7788.read.1.tlog
C:\projects\Games_new\SGame\Debug\link.7788.write.1.tlog
C:\projects\Games_new\SGame\Debug\link.7956-cvtres.read.1.tlog
C:\projects\Games_new\SGame\Debug\link.7956-cvtres.write.1.tlog
C:\projects\Games_new\SGame\Debug\link.7956-rc.read.1.tlog
C:\projects\Games_new\SGame\Debug\link.7956-rc.write.1.tlog
C:\projects\Games_new\SGame\Debug\link.7956.read.1.tlog
C:\projects\Games_new\SGame\Debug\link.7956.write.1.tlog
C:\projects\Games_new\SGame\Debug\link.8084-cvtres.read.1.tlog
C:\projects\Games_new\SGame\Debug\link.8084-cvtres.write.1.tlog
C:\projects\Games_new\SGame\Debug\link.8084-rc.read.1.tlog
C:\projects\Games_new\SGame\Debug\link.8084-rc.write.1.tlog
C:\projects\Games_new\SGame\Debug\link.8084.read.1.tlog
C:\projects\Games_new\SGame\Debug\link.8084.write.1.tlog
C:\projects\Games_new\SGame\Debug\link.8172-cvtres.read.1.tlog
C:\projects\Games_new\SGame\Debug\link.8172-cvtres.write.1.tlog
C:\projects\Games_new\SGame\Debug\link.8172-rc.read.1.tlog
C:\projects\Games_new\SGame\Debug\link.8172-rc.write.1.tlog
C:\projects\Games_new\SGame\Debug\link.8172.read.1.tlog
C:\projects\Games_new\SGame\Debug\link.8172.write.1.tlog
C:\projects\Games_new\SGame\Debug\link.8220-cvtres.read.1.tlog
C:\projects\Games_new\SGame\Debug\link.8220-cvtres.write.1.tlog
C:\projects\Games_new\SGame\Debug\link.8220-rc.read.1.tlog
C:\projects\Games_new\SGame\Debug\link.8220-rc.write.1.tlog
C:\projects\Games_new\SGame\Debug\link.8220.read.1.tlog
C:\projects\Games_new\SGame\Debug\link.8220.write.1.tlog
C:\projects\Games_new\SGame\Debug\link.8224-cvtres.read.1.tlog
C:\projects\Games_new\SGame\Debug\link.8224-cvtres.write.1.tlog
C:\projects\Games_new\SGame\Debug\link.8224-rc.read.1.tlog
C:\projects\Games_new\SGame\Debug\link.8224-rc.write.1.tlog
C:\projects\Games_new\SGame\Debug\link.8224.read.1.tlog
C:\projects\Games_new\SGame\Debug\link.8224.write.1.tlog
C:\projects\Games_new\SGame\Debug\link.8460-cvtres.read.1.tlog
C:\projects\Games_new\SGame\Debug\link.8460-cvtres.write.1.tlog
C:\projects\Games_new\SGame\Debug\link.8460-rc.read.1.tlog
C:\projects\Games_new\SGame\Debug\link.8460-rc.write.1.tlog
C:\projects\Games_new\SGame\Debug\link.8460.read.1.tlog
C:\projects\Games_new\SGame\Debug\link.8460.write.1.tlog
C:\projects\Games_new\SGame\Debug\link.8548-cvtres.read.1.tlog
C:\projects\Games_new\SGame\Debug\link.8548-cvtres.write.1.tlog
C:\projects\Games_new\SGame\Debug\link.8548-rc.read.1.tlog
C:\projects\Games_new\SGame\Debug\link.8548-rc.write.1.tlog
C:\projects\Games_new\SGame\Debug\link.8548.read.1.tlog
C:\projects\Games_new\SGame\Debug\link.8548.write.1.tlog
C:\projects\Games_new\SGame\Debug\link.8632-cvtres.read.1.tlog
C:\projects\Games_new\SGame\Debug\link.8632-cvtres.write.1.tlog
C:\projects\Games_new\SGame\Debug\link.8632-rc.read.1.tlog
C:\projects\Games_new\SGame\Debug\link.8632-rc.write.1.tlog
C:\projects\Games_new\SGame\Debug\link.8632.read.1.tlog
C:\projects\Games_new\SGame\Debug\link.8632.write.1.tlog
C:\projects\Games_new\SGame\Debug\link.8792-cvtres.read.1.tlog
C:\projects\Games_new\SGame\Debug\link.8792-cvtres.write.1.tlog
C:\projects\Games_new\SGame\Debug\link.8792-rc.read.1.tlog
C:\projects\Games_new\SGame\Debug\link.8792-rc.write.1.tlog
C:\projects\Games_new\SGame\Debug\link.8792.read.1.tlog
C:\projects\Games_new\SGame\Debug\link.8792.write.1.tlog
C:\projects\Games_new\SGame\Debug\link.9128-cvtres.read.1.tlog
C:\projects\Games_new\SGame\Debug\link.9128-cvtres.write.1.tlog
C:\projects\Games_new\SGame\Debug\link.9128-rc.read.1.tlog
C:\projects\Games_new\SGame\Debug\link.9128-rc.write.1.tlog
C:\projects\Games_new\SGame\Debug\link.9128.read.1.tlog
C:\projects\Games_new\SGame\Debug\link.9128.write.1.tlog
C:\projects\Games_new\SGame\Debug\link.command.1.tlog
C:\projects\Games_new\SGame\Debug\link.read.1.tlog
C:\projects\Games_new\SGame\Debug\link.write.1.tlog
C:\projects\Games_new\SGame\Debug\SGame.pch
C:\projects\Games_new\SGame\Debug\vc110.idb
C:\projects\Games_new\SGame\Debug\SGame.pdb
C:\projects\Games_new\SGame\Debug\vc110.pdb
C:\projects\Games_new\SGame\Debug\SGame.exe
