C:\PROJECTS\GAMES_NEW\SGAME\RELEASE\TEXT.OBJ
C:\PROJECTS\GAMES_NEW\SGAME\RELEASE\WINDOW.OBJ
C:\PROJECTS\GAMES_NEW\SGAME\RELEASE\MATRIX.OBJ
C:\PROJECTS\GAMES_NEW\SGAME\RELEASE\RENDERER.OBJ
C:\PROJECTS\GAMES_NEW\SGAME\RELEASE\LOGGER.OBJ
C:\PROJECTS\GAMES_NEW\SGAME\RELEASE\TEXTUREDWIDGET.OBJ
C:\PROJECTS\GAMES_NEW\SGAME\RELEASE\CSTRING.OBJ
C:\PROJECTS\GAMES_NEW\SGAME\RELEASE\BUTTON.OBJ
C:\PROJECTS\GAMES_NEW\SGAME\RELEASE\GLOBALWINDOW.OBJ
C:\PROJECTS\GAMES_NEW\SGAME\RELEASE\SHIP.OBJ
C:\PROJECTS\GAMES_NEW\SGAME\RELEASE\AUXFUNCS.OBJ
C:\PROJECTS\GAMES_NEW\SGAME\RELEASE\GUIMANAGER.OBJ
C:\PROJECTS\GAMES_NEW\SGAME\RELEASE\VECTOR.OBJ
C:\PROJECTS\GAMES_NEW\SGAME\RELEASE\SGAME.OBJ
C:\PROJECTS\GAMES_NEW\SGAME\RELEASE\SGAME.PCH
C:\PROJECTS\GAMES_NEW\SGAME\RELEASE\STDAFX.OBJ
C:\PROJECTS\GAMES_NEW\SGAME\RELEASE\VC110.PDB
C:\PROJECTS\GAMES_NEW\SGAME\RELEASE\SHIPVIEW.OBJ
C:\PROJECTS\GAMES_NEW\SGAME\RELEASE\SGAME.EXE
C:\PROJECTS\GAMES_NEW\SGAME\RELEASE\SGAME.PDB
C:\projects\Games_new\SGame\Release\auxFuncs.obj
C:\projects\Games_new\SGame\Release\Button.obj
C:\projects\Games_new\SGame\Release\CString.obj
C:\projects\Games_new\SGame\Release\GlobalWindow.obj
C:\projects\Games_new\SGame\Release\GUIManager.obj
C:\projects\Games_new\SGame\Release\Logger.obj
C:\projects\Games_new\SGame\Release\Matrix.obj
C:\projects\Games_new\SGame\Release\Renderer.obj
C:\projects\Games_new\SGame\Release\SGame.obj
C:\projects\Games_new\SGame\Release\Ship.obj
C:\projects\Games_new\SGame\Release\ShipView.obj
C:\projects\Games_new\SGame\Release\StdAfx.obj
C:\projects\Games_new\SGame\Release\Text.obj
C:\projects\Games_new\SGame\Release\TexturedWidget.obj
C:\projects\Games_new\SGame\Release\Vector.obj
C:\projects\Games_new\SGame\Release\Window.obj
C:\projects\Games_new\SGame\Release\CL.1124.read.1.tlog
C:\projects\Games_new\SGame\Release\CL.1124.write.1.tlog
C:\projects\Games_new\SGame\Release\CL.1228.read.1.tlog
C:\projects\Games_new\SGame\Release\CL.1228.write.1.tlog
C:\projects\Games_new\SGame\Release\CL.1472.read.1.tlog
C:\projects\Games_new\SGame\Release\CL.1472.write.1.tlog
C:\projects\Games_new\SGame\Release\CL.1900.read.1.tlog
C:\projects\Games_new\SGame\Release\CL.1900.write.1.tlog
C:\projects\Games_new\SGame\Release\CL.2056.read.1.tlog
C:\projects\Games_new\SGame\Release\CL.2056.write.1.tlog
C:\projects\Games_new\SGame\Release\CL.2652.read.1.tlog
C:\projects\Games_new\SGame\Release\CL.2652.write.1.tlog
C:\projects\Games_new\SGame\Release\CL.3196.read.1.tlog
C:\projects\Games_new\SGame\Release\CL.3196.write.1.tlog
C:\projects\Games_new\SGame\Release\CL.3252.read.1.tlog
C:\projects\Games_new\SGame\Release\CL.3252.write.1.tlog
C:\projects\Games_new\SGame\Release\CL.3288.read.1.tlog
C:\projects\Games_new\SGame\Release\CL.3288.write.1.tlog
C:\projects\Games_new\SGame\Release\CL.3304.read.1.tlog
C:\projects\Games_new\SGame\Release\CL.3304.write.1.tlog
C:\projects\Games_new\SGame\Release\CL.3344.read.1.tlog
C:\projects\Games_new\SGame\Release\CL.3344.write.1.tlog
C:\projects\Games_new\SGame\Release\CL.3788.read.1.tlog
C:\projects\Games_new\SGame\Release\CL.3788.write.1.tlog
C:\projects\Games_new\SGame\Release\CL.3796.read.1.tlog
C:\projects\Games_new\SGame\Release\CL.3796.write.1.tlog
C:\projects\Games_new\SGame\Release\CL.4008.read.1.tlog
C:\projects\Games_new\SGame\Release\CL.4008.write.1.tlog
C:\projects\Games_new\SGame\Release\CL.4032.read.1.tlog
C:\projects\Games_new\SGame\Release\CL.4032.write.1.tlog
C:\projects\Games_new\SGame\Release\CL.4044.read.1.tlog
C:\projects\Games_new\SGame\Release\CL.4044.write.1.tlog
C:\projects\Games_new\SGame\Release\CL.4172.read.1.tlog
C:\projects\Games_new\SGame\Release\CL.4172.write.1.tlog
C:\projects\Games_new\SGame\Release\CL.4312.read.1.tlog
C:\projects\Games_new\SGame\Release\CL.4312.write.1.tlog
C:\projects\Games_new\SGame\Release\CL.4380.read.1.tlog
C:\projects\Games_new\SGame\Release\CL.4380.write.1.tlog
C:\projects\Games_new\SGame\Release\CL.4400.read.1.tlog
C:\projects\Games_new\SGame\Release\CL.4400.write.1.tlog
C:\projects\Games_new\SGame\Release\CL.4408.read.1.tlog
C:\projects\Games_new\SGame\Release\CL.4408.write.1.tlog
C:\projects\Games_new\SGame\Release\CL.4748.read.1.tlog
C:\projects\Games_new\SGame\Release\CL.4748.write.1.tlog
C:\projects\Games_new\SGame\Release\CL.5104.read.1.tlog
C:\projects\Games_new\SGame\Release\CL.5104.write.1.tlog
C:\projects\Games_new\SGame\Release\CL.5472.read.1.tlog
C:\projects\Games_new\SGame\Release\CL.5472.write.1.tlog
C:\projects\Games_new\SGame\Release\CL.5476.read.1.tlog
C:\projects\Games_new\SGame\Release\CL.5476.write.1.tlog
C:\projects\Games_new\SGame\Release\CL.5508.read.1.tlog
C:\projects\Games_new\SGame\Release\CL.5508.write.1.tlog
C:\projects\Games_new\SGame\Release\CL.5604.read.1.tlog
C:\projects\Games_new\SGame\Release\CL.5604.write.1.tlog
C:\projects\Games_new\SGame\Release\CL.5920.read.1.tlog
C:\projects\Games_new\SGame\Release\CL.5920.write.1.tlog
C:\projects\Games_new\SGame\Release\CL.5928.read.1.tlog
C:\projects\Games_new\SGame\Release\CL.5928.write.1.tlog
C:\projects\Games_new\SGame\Release\CL.5988.read.1.tlog
C:\projects\Games_new\SGame\Release\CL.5988.write.1.tlog
C:\projects\Games_new\SGame\Release\CL.6000.read.1.tlog
C:\projects\Games_new\SGame\Release\CL.6000.write.1.tlog
C:\projects\Games_new\SGame\Release\CL.6100.read.1.tlog
C:\projects\Games_new\SGame\Release\CL.6100.write.1.tlog
C:\projects\Games_new\SGame\Release\CL.6188.read.1.tlog
C:\projects\Games_new\SGame\Release\CL.6188.write.1.tlog
C:\projects\Games_new\SGame\Release\CL.6204.read.1.tlog
C:\projects\Games_new\SGame\Release\CL.6204.write.1.tlog
C:\projects\Games_new\SGame\Release\CL.6364.read.1.tlog
C:\projects\Games_new\SGame\Release\CL.6364.write.1.tlog
C:\projects\Games_new\SGame\Release\CL.6552.read.1.tlog
C:\projects\Games_new\SGame\Release\CL.6552.write.1.tlog
C:\projects\Games_new\SGame\Release\CL.6588.read.1.tlog
C:\projects\Games_new\SGame\Release\CL.6588.write.1.tlog
C:\projects\Games_new\SGame\Release\CL.6624.read.1.tlog
C:\projects\Games_new\SGame\Release\CL.6624.write.1.tlog
C:\projects\Games_new\SGame\Release\CL.676.read.1.tlog
C:\projects\Games_new\SGame\Release\CL.676.write.1.tlog
C:\projects\Games_new\SGame\Release\CL.6816.read.1.tlog
C:\projects\Games_new\SGame\Release\CL.6816.write.1.tlog
C:\projects\Games_new\SGame\Release\CL.6892.read.1.tlog
C:\projects\Games_new\SGame\Release\CL.6892.write.1.tlog
C:\projects\Games_new\SGame\Release\CL.6912.read.1.tlog
C:\projects\Games_new\SGame\Release\CL.6912.write.1.tlog
C:\projects\Games_new\SGame\Release\CL.7016.read.1.tlog
C:\projects\Games_new\SGame\Release\CL.7016.write.1.tlog
C:\projects\Games_new\SGame\Release\CL.7024.read.1.tlog
C:\projects\Games_new\SGame\Release\CL.7024.write.1.tlog
C:\projects\Games_new\SGame\Release\CL.7028.read.1.tlog
C:\projects\Games_new\SGame\Release\CL.7028.write.1.tlog
C:\projects\Games_new\SGame\Release\CL.7160.read.1.tlog
C:\projects\Games_new\SGame\Release\CL.7160.write.1.tlog
C:\projects\Games_new\SGame\Release\CL.7184.read.1.tlog
C:\projects\Games_new\SGame\Release\CL.7184.write.1.tlog
C:\projects\Games_new\SGame\Release\CL.7256.read.1.tlog
C:\projects\Games_new\SGame\Release\CL.7256.write.1.tlog
C:\projects\Games_new\SGame\Release\CL.7292.read.1.tlog
C:\projects\Games_new\SGame\Release\CL.7292.write.1.tlog
C:\projects\Games_new\SGame\Release\CL.7352.read.1.tlog
C:\projects\Games_new\SGame\Release\CL.7352.write.1.tlog
C:\projects\Games_new\SGame\Release\CL.7356.read.1.tlog
C:\projects\Games_new\SGame\Release\CL.7356.write.1.tlog
C:\projects\Games_new\SGame\Release\CL.7392.read.1.tlog
C:\projects\Games_new\SGame\Release\CL.7392.write.1.tlog
C:\projects\Games_new\SGame\Release\CL.7448.read.1.tlog
C:\projects\Games_new\SGame\Release\CL.7448.write.1.tlog
C:\projects\Games_new\SGame\Release\CL.7460.read.1.tlog
C:\projects\Games_new\SGame\Release\CL.7460.write.1.tlog
C:\projects\Games_new\SGame\Release\CL.7464.read.1.tlog
C:\projects\Games_new\SGame\Release\CL.7464.write.1.tlog
C:\projects\Games_new\SGame\Release\CL.7468.read.1.tlog
C:\projects\Games_new\SGame\Release\CL.7468.write.1.tlog
C:\projects\Games_new\SGame\Release\CL.7476.read.1.tlog
C:\projects\Games_new\SGame\Release\CL.7476.write.1.tlog
C:\projects\Games_new\SGame\Release\CL.7568.read.1.tlog
C:\projects\Games_new\SGame\Release\CL.7568.write.1.tlog
C:\projects\Games_new\SGame\Release\CL.7580.read.1.tlog
C:\projects\Games_new\SGame\Release\CL.7580.write.1.tlog
C:\projects\Games_new\SGame\Release\CL.7600.read.1.tlog
C:\projects\Games_new\SGame\Release\CL.7600.write.1.tlog
C:\projects\Games_new\SGame\Release\CL.7632.read.1.tlog
C:\projects\Games_new\SGame\Release\CL.7632.write.1.tlog
C:\projects\Games_new\SGame\Release\CL.7640.read.1.tlog
C:\projects\Games_new\SGame\Release\CL.7640.write.1.tlog
C:\projects\Games_new\SGame\Release\CL.7688.read.1.tlog
C:\projects\Games_new\SGame\Release\CL.7688.write.1.tlog
C:\projects\Games_new\SGame\Release\CL.7696.read.1.tlog
C:\projects\Games_new\SGame\Release\CL.7696.write.1.tlog
C:\projects\Games_new\SGame\Release\CL.7708.read.1.tlog
C:\projects\Games_new\SGame\Release\CL.7708.write.1.tlog
C:\projects\Games_new\SGame\Release\CL.7728.read.1.tlog
C:\projects\Games_new\SGame\Release\CL.7728.write.1.tlog
C:\projects\Games_new\SGame\Release\CL.7736.read.1.tlog
C:\projects\Games_new\SGame\Release\CL.7736.write.1.tlog
C:\projects\Games_new\SGame\Release\CL.7744.read.1.tlog
C:\projects\Games_new\SGame\Release\CL.7744.write.1.tlog
C:\projects\Games_new\SGame\Release\CL.7748.read.1.tlog
C:\projects\Games_new\SGame\Release\CL.7748.write.1.tlog
C:\projects\Games_new\SGame\Release\CL.7816.read.1.tlog
C:\projects\Games_new\SGame\Release\CL.7816.write.1.tlog
C:\projects\Games_new\SGame\Release\CL.7872.read.1.tlog
C:\projects\Games_new\SGame\Release\CL.7872.write.1.tlog
C:\projects\Games_new\SGame\Release\CL.7876.read.1.tlog
C:\projects\Games_new\SGame\Release\CL.7876.write.1.tlog
C:\projects\Games_new\SGame\Release\CL.7900.read.1.tlog
C:\projects\Games_new\SGame\Release\CL.7900.write.1.tlog
C:\projects\Games_new\SGame\Release\CL.7908.read.1.tlog
C:\projects\Games_new\SGame\Release\CL.7908.write.1.tlog
C:\projects\Games_new\SGame\Release\CL.7952.read.1.tlog
C:\projects\Games_new\SGame\Release\CL.7952.write.1.tlog
C:\projects\Games_new\SGame\Release\CL.7992.read.1.tlog
C:\projects\Games_new\SGame\Release\CL.7992.write.1.tlog
C:\projects\Games_new\SGame\Release\CL.8004.read.1.tlog
C:\projects\Games_new\SGame\Release\CL.8004.write.1.tlog
C:\projects\Games_new\SGame\Release\CL.8072.read.1.tlog
C:\projects\Games_new\SGame\Release\CL.8072.write.1.tlog
C:\projects\Games_new\SGame\Release\CL.8112.read.1.tlog
C:\projects\Games_new\SGame\Release\CL.8112.write.1.tlog
C:\projects\Games_new\SGame\Release\CL.8124.read.1.tlog
C:\projects\Games_new\SGame\Release\CL.8124.write.1.tlog
C:\projects\Games_new\SGame\Release\CL.8140.read.1.tlog
C:\projects\Games_new\SGame\Release\CL.8140.write.1.tlog
C:\projects\Games_new\SGame\Release\CL.8172.read.1.tlog
C:\projects\Games_new\SGame\Release\CL.8172.write.1.tlog
C:\projects\Games_new\SGame\Release\CL.8196.read.1.tlog
C:\projects\Games_new\SGame\Release\CL.8196.write.1.tlog
C:\projects\Games_new\SGame\Release\CL.8212.read.1.tlog
C:\projects\Games_new\SGame\Release\CL.8212.write.1.tlog
C:\projects\Games_new\SGame\Release\CL.8216.read.1.tlog
C:\projects\Games_new\SGame\Release\CL.8216.write.1.tlog
C:\projects\Games_new\SGame\Release\CL.8236.read.1.tlog
C:\projects\Games_new\SGame\Release\CL.8236.write.1.tlog
C:\projects\Games_new\SGame\Release\CL.8244.read.1.tlog
C:\projects\Games_new\SGame\Release\CL.8244.write.1.tlog
C:\projects\Games_new\SGame\Release\CL.8284.read.1.tlog
C:\projects\Games_new\SGame\Release\CL.8284.write.1.tlog
C:\projects\Games_new\SGame\Release\CL.8288.read.1.tlog
C:\projects\Games_new\SGame\Release\CL.8288.write.1.tlog
C:\projects\Games_new\SGame\Release\CL.8296.read.1.tlog
C:\projects\Games_new\SGame\Release\CL.8296.write.1.tlog
C:\projects\Games_new\SGame\Release\CL.8316.read.1.tlog
C:\projects\Games_new\SGame\Release\CL.8316.write.1.tlog
C:\projects\Games_new\SGame\Release\CL.8324.read.1.tlog
C:\projects\Games_new\SGame\Release\CL.8324.write.1.tlog
C:\projects\Games_new\SGame\Release\CL.8380.read.1.tlog
C:\projects\Games_new\SGame\Release\CL.8380.write.1.tlog
C:\projects\Games_new\SGame\Release\CL.8492.read.1.tlog
C:\projects\Games_new\SGame\Release\CL.8492.write.1.tlog
C:\projects\Games_new\SGame\Release\CL.8512.read.1.tlog
C:\projects\Games_new\SGame\Release\CL.8512.write.1.tlog
C:\projects\Games_new\SGame\Release\CL.8540.read.1.tlog
C:\projects\Games_new\SGame\Release\CL.8540.write.1.tlog
C:\projects\Games_new\SGame\Release\CL.8548.read.1.tlog
C:\projects\Games_new\SGame\Release\CL.8548.write.1.tlog
C:\projects\Games_new\SGame\Release\CL.8564.read.1.tlog
C:\projects\Games_new\SGame\Release\CL.8564.write.1.tlog
C:\projects\Games_new\SGame\Release\CL.8608.read.1.tlog
C:\projects\Games_new\SGame\Release\CL.8608.write.1.tlog
C:\projects\Games_new\SGame\Release\CL.8612.read.1.tlog
C:\projects\Games_new\SGame\Release\CL.8612.write.1.tlog
C:\projects\Games_new\SGame\Release\CL.8720.read.1.tlog
C:\projects\Games_new\SGame\Release\CL.8720.write.1.tlog
C:\projects\Games_new\SGame\Release\CL.8736.read.1.tlog
C:\projects\Games_new\SGame\Release\CL.8736.write.1.tlog
C:\projects\Games_new\SGame\Release\CL.8760.read.1.tlog
C:\projects\Games_new\SGame\Release\CL.8760.write.1.tlog
C:\projects\Games_new\SGame\Release\CL.8932.read.1.tlog
C:\projects\Games_new\SGame\Release\CL.8932.write.1.tlog
C:\projects\Games_new\SGame\Release\CL.8936.read.1.tlog
C:\projects\Games_new\SGame\Release\CL.8936.write.1.tlog
C:\projects\Games_new\SGame\Release\CL.8952.read.1.tlog
C:\projects\Games_new\SGame\Release\CL.8952.write.1.tlog
C:\projects\Games_new\SGame\Release\CL.8984.read.1.tlog
C:\projects\Games_new\SGame\Release\CL.8984.write.1.tlog
C:\projects\Games_new\SGame\Release\CL.9020.read.1.tlog
C:\projects\Games_new\SGame\Release\CL.9020.write.1.tlog
C:\projects\Games_new\SGame\Release\CL.9048.read.1.tlog
C:\projects\Games_new\SGame\Release\CL.9048.write.1.tlog
C:\projects\Games_new\SGame\Release\CL.9128.read.1.tlog
C:\projects\Games_new\SGame\Release\CL.9128.write.1.tlog
C:\projects\Games_new\SGame\Release\cl.command.1.tlog
C:\projects\Games_new\SGame\Release\CL.read.1.tlog
C:\projects\Games_new\SGame\Release\CL.write.1.tlog
C:\projects\Games_new\SGame\Release\link-cvtres.read.1.tlog
C:\projects\Games_new\SGame\Release\link-cvtres.write.1.tlog
C:\projects\Games_new\SGame\Release\link-rc.read.1.tlog
C:\projects\Games_new\SGame\Release\link-rc.write.1.tlog
C:\projects\Games_new\SGame\Release\link.command.1.tlog
C:\projects\Games_new\SGame\Release\link.read.1.tlog
C:\projects\Games_new\SGame\Release\link.write.1.tlog
C:\projects\Games_new\SGame\Release\SGame.pch
C:\projects\Games_new\SGame\Release\SGame.pdb
C:\projects\Games_new\SGame\Release\vc110.pdb
C:\projects\Games_new\SGame\Release\SGame.exe
